WARNING - 2023-09-20 00:10:54 --> [DEPRECATED] Optional parameter $where declared before required parameter $data is implicitly treated as a required parameter in APPPATH\Models\Default_model.php on line 23.
 1 SYSTEMPATH\Autoloader\Autoloader.php(314): include_once('C:\\xampp\\htdocs\\new-task\\system\\Debug\\Exceptions.php')
 2 SYSTEMPATH\Autoloader\Autoloader.php(291): CodeIgniter\Autoloader\Autoloader->includeFile('C:\\xampp\\htdocs\\new-task\\app\\Models\\Default_model.php')
 3 SYSTEMPATH\Autoloader\Autoloader.php(269): CodeIgniter\Autoloader\Autoloader->loadInNamespace('App\\Models\\Default_model')
 4 APPPATH\Controllers\Apicontroller.php(87): CodeIgniter\Autoloader\Autoloader->loadClass('App\\Models\\Default_model')
 5 SYSTEMPATH\CodeIgniter.php(932): App\Controllers\Apicontroller->add_task()
 6 SYSTEMPATH\CodeIgniter.php(497): CodeIgniter\CodeIgniter->runController(Object(App\Controllers\Apicontroller))
 7 SYSTEMPATH\CodeIgniter.php(366): CodeIgniter\CodeIgniter->handleRequest(null, Object(Config\Cache), false)
 8 FCPATH\index.php(67): CodeIgniter\CodeIgniter->run()
WARNING - 2023-09-20 00:10:54 --> [DEPRECATED] Optional parameter $whereValue declared before required parameter $data is implicitly treated as a required parameter in APPPATH\Models\Default_model.php on line 0.
 1 SYSTEMPATH\Autoloader\Autoloader.php(314): include_once('C:\\xampp\\htdocs\\new-task\\system\\Debug\\Exceptions.php')
 2 SYSTEMPATH\Autoloader\Autoloader.php(291): CodeIgniter\Autoloader\Autoloader->includeFile('C:\\xampp\\htdocs\\new-task\\app\\Models\\Default_model.php')
 3 SYSTEMPATH\Autoloader\Autoloader.php(269): CodeIgniter\Autoloader\Autoloader->loadInNamespace('App\\Models\\Default_model')
 4 APPPATH\Controllers\Apicontroller.php(87): CodeIgniter\Autoloader\Autoloader->loadClass('App\\Models\\Default_model')
 5 SYSTEMPATH\CodeIgniter.php(932): App\Controllers\Apicontroller->add_task()
 6 SYSTEMPATH\CodeIgniter.php(497): CodeIgniter\CodeIgniter->runController(Object(App\Controllers\Apicontroller))
 7 SYSTEMPATH\CodeIgniter.php(366): CodeIgniter\CodeIgniter->handleRequest(null, Object(Config\Cache), false)
 8 FCPATH\index.php(67): CodeIgniter\CodeIgniter->run()
WARNING - 2023-09-20 00:10:54 --> [DEPRECATED] Optional parameter $select declared before required parameter $limit is implicitly treated as a required parameter in APPPATH\Models\Default_model.php on line 138.
 1 SYSTEMPATH\Autoloader\Autoloader.php(314): include_once('C:\\xampp\\htdocs\\new-task\\system\\Debug\\Exceptions.php')
 2 SYSTEMPATH\Autoloader\Autoloader.php(291): CodeIgniter\Autoloader\Autoloader->includeFile('C:\\xampp\\htdocs\\new-task\\app\\Models\\Default_model.php')
 3 SYSTEMPATH\Autoloader\Autoloader.php(269): CodeIgniter\Autoloader\Autoloader->loadInNamespace('App\\Models\\Default_model')
 4 APPPATH\Controllers\Apicontroller.php(87): CodeIgniter\Autoloader\Autoloader->loadClass('App\\Models\\Default_model')
 5 SYSTEMPATH\CodeIgniter.php(932): App\Controllers\Apicontroller->add_task()
 6 SYSTEMPATH\CodeIgniter.php(497): CodeIgniter\CodeIgniter->runController(Object(App\Controllers\Apicontroller))
 7 SYSTEMPATH\CodeIgniter.php(366): CodeIgniter\CodeIgniter->handleRequest(null, Object(Config\Cache), false)
 8 FCPATH\index.php(67): CodeIgniter\CodeIgniter->run()
ERROR - 2023-09-20 00:10:56 --> mysqli_sql_exception: MySQL server has gone away in C:\xampp\htdocs\new-task\system\Database\MySQLi\Connection.php:295
Stack trace:
#0 C:\xampp\htdocs\new-task\system\Database\MySQLi\Connection.php(295): mysqli->query('SELECT `apd`.`i...', 0)
#1 C:\xampp\htdocs\new-task\system\Database\BaseConnection.php(692): CodeIgniter\Database\MySQLi\Connection->execute('SELECT `apd`.`i...')
#2 C:\xampp\htdocs\new-task\system\Database\BaseConnection.php(606): CodeIgniter\Database\BaseConnection->simpleQuery('SELECT `apd`.`i...')
#3 C:\xampp\htdocs\new-task\system\Database\BaseBuilder.php(1616): CodeIgniter\Database\BaseConnection->query('SELECT `apd`.`i...', Array, false)
#4 C:\xampp\htdocs\new-task\app\Models\Default_model.php(258): CodeIgniter\Database\BaseBuilder->get()
#5 C:\xampp\htdocs\new-task\app\Controllers\Apicontroller.php(89): App\Models\Default_model->select_task(1, '')
#6 C:\xampp\htdocs\new-task\system\CodeIgniter.php(932): App\Controllers\Apicontroller->add_task()
#7 C:\xampp\htdocs\new-task\system\CodeIgniter.php(497): CodeIgniter\CodeIgniter->runController(Object(App\Controllers\Apicontroller))
#8 C:\xampp\htdocs\new-task\system\CodeIgniter.php(366): CodeIgniter\CodeIgniter->handleRequest(NULL, Object(Config\Cache), false)
#9 C:\xampp\htdocs\new-task\index.php(67): CodeIgniter\CodeIgniter->run()
#10 {main}
CRITICAL - 2023-09-20 00:10:56 --> MySQL server has gone away
in SYSTEMPATH\Database\MySQLi\Connection.php on line 295.
 1 SYSTEMPATH\Database\MySQLi\Connection.php(295): mysqli->query('SELECT `apd`.`id`, `apd`.`status`, `apd`.`project_id`, `apd`.`task_title`, `apd`.`mode`, `apd`.`due_date`, `apd`.`assigned_by`, (SELECT GROUP_CONCAT(e.name) FROM task_employee drt 
										INNER JOIN tbl_employees e ON drt.emp_id = e.id 
										WHERE drt.task_id = apd.id) as related_employee, (SELECT p.project_title FROM tbl_project p
						WHERE p.id = apd.project_id) as project_title, (SELECT e.name FROM tbl_employees e
						WHERE e.id = apd.assigned_by) as assignedby
FROM `tasks` `apd`
INNER JOIN `task_employee` `drt` ON `apd`.`id` = `drt`.`task_id`
INNER JOIN `task_employee` `te` ON `te`.`task_id` = `apd`.`id`
WHERE `apd`.`status` = 0
AND `apd`.`mode` = 0
AND `apd`.`assigned_by` = 1
GROUP BY `apd`.`id`
ORDER BY `apd`.`id` DESC', 0)
 2 SYSTEMPATH\Database\BaseConnection.php(692): CodeIgniter\Database\MySQLi\Connection->execute('SELECT `apd`.`id`, `apd`.`status`, `apd`.`project_id`, `apd`.`task_title`, `apd`.`mode`, `apd`.`due_date`, `apd`.`assigned_by`, (SELECT GROUP_CONCAT(e.name) FROM task_employee drt 
										INNER JOIN tbl_employees e ON drt.emp_id = e.id 
										WHERE drt.task_id = apd.id) as related_employee, (SELECT p.project_title FROM tbl_project p
						WHERE p.id = apd.project_id) as project_title, (SELECT e.name FROM tbl_employees e
						WHERE e.id = apd.assigned_by) as assignedby
FROM `tasks` `apd`
INNER JOIN `task_employee` `drt` ON `apd`.`id` = `drt`.`task_id`
INNER JOIN `task_employee` `te` ON `te`.`task_id` = `apd`.`id`
WHERE `apd`.`status` = 0
AND `apd`.`mode` = 0
AND `apd`.`assigned_by` = 1
GROUP BY `apd`.`id`
ORDER BY `apd`.`id` DESC')
 3 SYSTEMPATH\Database\BaseConnection.php(606): CodeIgniter\Database\BaseConnection->simpleQuery('SELECT `apd`.`id`, `apd`.`status`, `apd`.`project_id`, `apd`.`task_title`, `apd`.`mode`, `apd`.`due_date`, `apd`.`assigned_by`, (SELECT GROUP_CONCAT(e.name) FROM task_employee drt 
										INNER JOIN tbl_employees e ON drt.emp_id = e.id 
										WHERE drt.task_id = apd.id) as related_employee, (SELECT p.project_title FROM tbl_project p
						WHERE p.id = apd.project_id) as project_title, (SELECT e.name FROM tbl_employees e
						WHERE e.id = apd.assigned_by) as assignedby
FROM `tasks` `apd`
INNER JOIN `task_employee` `drt` ON `apd`.`id` = `drt`.`task_id`
INNER JOIN `task_employee` `te` ON `te`.`task_id` = `apd`.`id`
WHERE `apd`.`status` = 0
AND `apd`.`mode` = 0
AND `apd`.`assigned_by` = 1
GROUP BY `apd`.`id`
ORDER BY `apd`.`id` DESC')
 4 SYSTEMPATH\Database\BaseBuilder.php(1616): CodeIgniter\Database\BaseConnection->query('SELECT `apd`.`id`, `apd`.`status`, `apd`.`project_id`, `apd`.`task_title`, `apd`.`mode`, `apd`.`due_date`, `apd`.`assigned_by`, (SELECT GROUP_CONCAT(e.name) FROM task_employee drt 
										INNER JOIN tbl_employees e ON drt.emp_id = e.id 
										WHERE drt.task_id = apd.id) as related_employee, (SELECT p.project_title FROM tbl_project p
						WHERE p.id = apd.project_id) as project_title, (SELECT e.name FROM tbl_employees e
						WHERE e.id = apd.assigned_by) as assignedby
FROM `tasks` `apd`
INNER JOIN `task_employee` `drt` ON `apd`.`id` = `drt`.`task_id`
INNER JOIN `task_employee` `te` ON `te`.`task_id` = `apd`.`id`
WHERE `apd`.`status` = :apd.status:
AND `apd`.`mode` = :apd.mode:
AND `apd`.`assigned_by` = :apd.assigned_by:
GROUP BY `apd`.`id`
ORDER BY `apd`.`id` DESC', [...], false)
 5 APPPATH\Models\Default_model.php(258): CodeIgniter\Database\BaseBuilder->get()
 6 APPPATH\Controllers\Apicontroller.php(89): App\Models\Default_model->select_task(1, '')
 7 SYSTEMPATH\CodeIgniter.php(932): App\Controllers\Apicontroller->add_task()
 8 SYSTEMPATH\CodeIgniter.php(497): CodeIgniter\CodeIgniter->runController(Object(App\Controllers\Apicontroller))
 9 SYSTEMPATH\CodeIgniter.php(366): CodeIgniter\CodeIgniter->handleRequest(null, Object(Config\Cache), false)
10 FCPATH\index.php(67): CodeIgniter\CodeIgniter->run()
WARNING - 2023-09-20 00:11:24 --> [DEPRECATED] Optional parameter $where declared before required parameter $data is implicitly treated as a required parameter in APPPATH\Models\Default_model.php on line 23.
 1 SYSTEMPATH\Autoloader\Autoloader.php(314): include_once('C:\\xampp\\htdocs\\new-task\\system\\Debug\\Exceptions.php')
 2 SYSTEMPATH\Autoloader\Autoloader.php(291): CodeIgniter\Autoloader\Autoloader->includeFile('C:\\xampp\\htdocs\\new-task\\app\\Models\\Default_model.php')
 3 SYSTEMPATH\Autoloader\Autoloader.php(269): CodeIgniter\Autoloader\Autoloader->loadInNamespace('App\\Models\\Default_model')
 4 APPPATH\Controllers\Apicontroller.php(87): CodeIgniter\Autoloader\Autoloader->loadClass('App\\Models\\Default_model')
 5 SYSTEMPATH\CodeIgniter.php(932): App\Controllers\Apicontroller->add_task()
 6 SYSTEMPATH\CodeIgniter.php(497): CodeIgniter\CodeIgniter->runController(Object(App\Controllers\Apicontroller))
 7 SYSTEMPATH\CodeIgniter.php(366): CodeIgniter\CodeIgniter->handleRequest(null, Object(Config\Cache), false)
 8 FCPATH\index.php(67): CodeIgniter\CodeIgniter->run()
WARNING - 2023-09-20 00:11:24 --> [DEPRECATED] Optional parameter $whereValue declared before required parameter $data is implicitly treated as a required parameter in APPPATH\Models\Default_model.php on line 0.
 1 SYSTEMPATH\Autoloader\Autoloader.php(314): include_once('C:\\xampp\\htdocs\\new-task\\system\\Debug\\Exceptions.php')
 2 SYSTEMPATH\Autoloader\Autoloader.php(291): CodeIgniter\Autoloader\Autoloader->includeFile('C:\\xampp\\htdocs\\new-task\\app\\Models\\Default_model.php')
 3 SYSTEMPATH\Autoloader\Autoloader.php(269): CodeIgniter\Autoloader\Autoloader->loadInNamespace('App\\Models\\Default_model')
 4 APPPATH\Controllers\Apicontroller.php(87): CodeIgniter\Autoloader\Autoloader->loadClass('App\\Models\\Default_model')
 5 SYSTEMPATH\CodeIgniter.php(932): App\Controllers\Apicontroller->add_task()
 6 SYSTEMPATH\CodeIgniter.php(497): CodeIgniter\CodeIgniter->runController(Object(App\Controllers\Apicontroller))
 7 SYSTEMPATH\CodeIgniter.php(366): CodeIgniter\CodeIgniter->handleRequest(null, Object(Config\Cache), false)
 8 FCPATH\index.php(67): CodeIgniter\CodeIgniter->run()
WARNING - 2023-09-20 00:11:24 --> [DEPRECATED] Optional parameter $select declared before required parameter $limit is implicitly treated as a required parameter in APPPATH\Models\Default_model.php on line 138.
 1 SYSTEMPATH\Autoloader\Autoloader.php(314): include_once('C:\\xampp\\htdocs\\new-task\\system\\Debug\\Exceptions.php')
 2 SYSTEMPATH\Autoloader\Autoloader.php(291): CodeIgniter\Autoloader\Autoloader->includeFile('C:\\xampp\\htdocs\\new-task\\app\\Models\\Default_model.php')
 3 SYSTEMPATH\Autoloader\Autoloader.php(269): CodeIgniter\Autoloader\Autoloader->loadInNamespace('App\\Models\\Default_model')
 4 APPPATH\Controllers\Apicontroller.php(87): CodeIgniter\Autoloader\Autoloader->loadClass('App\\Models\\Default_model')
 5 SYSTEMPATH\CodeIgniter.php(932): App\Controllers\Apicontroller->add_task()
 6 SYSTEMPATH\CodeIgniter.php(497): CodeIgniter\CodeIgniter->runController(Object(App\Controllers\Apicontroller))
 7 SYSTEMPATH\CodeIgniter.php(366): CodeIgniter\CodeIgniter->handleRequest(null, Object(Config\Cache), false)
 8 FCPATH\index.php(67): CodeIgniter\CodeIgniter->run()
WARNING - 2023-09-20 00:11:28 --> [DEPRECATED] Optional parameter $where declared before required parameter $data is implicitly treated as a required parameter in APPPATH\Models\Default_model.php on line 23.
 1 SYSTEMPATH\Autoloader\Autoloader.php(314): include_once('C:\\xampp\\htdocs\\new-task\\system\\Debug\\Exceptions.php')
 2 SYSTEMPATH\Autoloader\Autoloader.php(291): CodeIgniter\Autoloader\Autoloader->includeFile('C:\\xampp\\htdocs\\new-task\\app\\Models\\Default_model.php')
 3 SYSTEMPATH\Autoloader\Autoloader.php(269): CodeIgniter\Autoloader\Autoloader->loadInNamespace('App\\Models\\Default_model')
 4 APPPATH\Controllers\Apicontroller.php(87): CodeIgniter\Autoloader\Autoloader->loadClass('App\\Models\\Default_model')
 5 SYSTEMPATH\CodeIgniter.php(932): App\Controllers\Apicontroller->add_task()
 6 SYSTEMPATH\CodeIgniter.php(497): CodeIgniter\CodeIgniter->runController(Object(App\Controllers\Apicontroller))
 7 SYSTEMPATH\CodeIgniter.php(366): CodeIgniter\CodeIgniter->handleRequest(null, Object(Config\Cache), false)
 8 FCPATH\index.php(67): CodeIgniter\CodeIgniter->run()
WARNING - 2023-09-20 00:11:28 --> [DEPRECATED] Optional parameter $whereValue declared before required parameter $data is implicitly treated as a required parameter in APPPATH\Models\Default_model.php on line 0.
 1 SYSTEMPATH\Autoloader\Autoloader.php(314): include_once('C:\\xampp\\htdocs\\new-task\\system\\Debug\\Exceptions.php')
 2 SYSTEMPATH\Autoloader\Autoloader.php(291): CodeIgniter\Autoloader\Autoloader->includeFile('C:\\xampp\\htdocs\\new-task\\app\\Models\\Default_model.php')
 3 SYSTEMPATH\Autoloader\Autoloader.php(269): CodeIgniter\Autoloader\Autoloader->loadInNamespace('App\\Models\\Default_model')
 4 APPPATH\Controllers\Apicontroller.php(87): CodeIgniter\Autoloader\Autoloader->loadClass('App\\Models\\Default_model')
 5 SYSTEMPATH\CodeIgniter.php(932): App\Controllers\Apicontroller->add_task()
 6 SYSTEMPATH\CodeIgniter.php(497): CodeIgniter\CodeIgniter->runController(Object(App\Controllers\Apicontroller))
 7 SYSTEMPATH\CodeIgniter.php(366): CodeIgniter\CodeIgniter->handleRequest(null, Object(Config\Cache), false)
 8 FCPATH\index.php(67): CodeIgniter\CodeIgniter->run()
WARNING - 2023-09-20 00:11:28 --> [DEPRECATED] Optional parameter $select declared before required parameter $limit is implicitly treated as a required parameter in APPPATH\Models\Default_model.php on line 138.
 1 SYSTEMPATH\Autoloader\Autoloader.php(314): include_once('C:\\xampp\\htdocs\\new-task\\system\\Debug\\Exceptions.php')
 2 SYSTEMPATH\Autoloader\Autoloader.php(291): CodeIgniter\Autoloader\Autoloader->includeFile('C:\\xampp\\htdocs\\new-task\\app\\Models\\Default_model.php')
 3 SYSTEMPATH\Autoloader\Autoloader.php(269): CodeIgniter\Autoloader\Autoloader->loadInNamespace('App\\Models\\Default_model')
 4 APPPATH\Controllers\Apicontroller.php(87): CodeIgniter\Autoloader\Autoloader->loadClass('App\\Models\\Default_model')
 5 SYSTEMPATH\CodeIgniter.php(932): App\Controllers\Apicontroller->add_task()
 6 SYSTEMPATH\CodeIgniter.php(497): CodeIgniter\CodeIgniter->runController(Object(App\Controllers\Apicontroller))
 7 SYSTEMPATH\CodeIgniter.php(366): CodeIgniter\CodeIgniter->handleRequest(null, Object(Config\Cache), false)
 8 FCPATH\index.php(67): CodeIgniter\CodeIgniter->run()
ERROR - 2023-09-20 00:11:28 --> Error connecting to the database: mysqli_sql_exception: No connection could be made because the target machine actively refused it in C:\xampp\htdocs\new-task\system\Database\MySQLi\Connection.php:173
Stack trace:
#0 C:\xampp\htdocs\new-task\system\Database\MySQLi\Connection.php(173): mysqli->real_connect('localhost', 'root', Object(SensitiveParameterValue), 'task_manager', 3306, '', 0)
#1 C:\xampp\htdocs\new-task\system\Database\BaseConnection.php(391): CodeIgniter\Database\MySQLi\Connection->connect(false)
#2 C:\xampp\htdocs\new-task\system\Database\BaseConnection.php(574): CodeIgniter\Database\BaseConnection->initialize()
#3 C:\xampp\htdocs\new-task\system\Database\BaseBuilder.php(1616): CodeIgniter\Database\BaseConnection->query('SELECT `apd`.`i...', Array, false)
#4 C:\xampp\htdocs\new-task\app\Models\Default_model.php(258): CodeIgniter\Database\BaseBuilder->get()
#5 C:\xampp\htdocs\new-task\app\Controllers\Apicontroller.php(89): App\Models\Default_model->select_task(1, '')
#6 C:\xampp\htdocs\new-task\system\CodeIgniter.php(932): App\Controllers\Apicontroller->add_task()
#7 C:\xampp\htdocs\new-task\system\CodeIgniter.php(497): CodeIgniter\CodeIgniter->runController(Object(App\Controllers\Apicontroller))
#8 C:\xampp\htdocs\new-task\system\CodeIgniter.php(366): CodeIgniter\CodeIgniter->handleRequest(NULL, Object(Config\Cache), false)
#9 C:\xampp\htdocs\new-task\index.php(67): CodeIgniter\CodeIgniter->run()
#10 {main}

Next CodeIgniter\Database\Exceptions\DatabaseException: No connection could be made because the target machine actively refused it in C:\xampp\htdocs\new-task\system\Database\MySQLi\Connection.php:218
Stack trace:
#0 C:\xampp\htdocs\new-task\system\Database\BaseConnection.php(391): CodeIgniter\Database\MySQLi\Connection->connect(false)
#1 C:\xampp\htdocs\new-task\system\Database\BaseConnection.php(574): CodeIgniter\Database\BaseConnection->initialize()
#2 C:\xampp\htdocs\new-task\system\Database\BaseBuilder.php(1616): CodeIgniter\Database\BaseConnection->query('SELECT `apd`.`i...', Array, false)
#3 C:\xampp\htdocs\new-task\app\Models\Default_model.php(258): CodeIgniter\Database\BaseBuilder->get()
#4 C:\xampp\htdocs\new-task\app\Controllers\Apicontroller.php(89): App\Models\Default_model->select_task(1, '')
#5 C:\xampp\htdocs\new-task\system\CodeIgniter.php(932): App\Controllers\Apicontroller->add_task()
#6 C:\xampp\htdocs\new-task\system\CodeIgniter.php(497): CodeIgniter\CodeIgniter->runController(Object(App\Controllers\Apicontroller))
#7 C:\xampp\htdocs\new-task\system\CodeIgniter.php(366): CodeIgniter\CodeIgniter->handleRequest(NULL, Object(Config\Cache), false)
#8 C:\xampp\htdocs\new-task\index.php(67): CodeIgniter\CodeIgniter->run()
#9 {main}
CRITICAL - 2023-09-20 00:11:28 --> Unable to connect to the database.
Main connection [MySQLi]: No connection could be made because the target machine actively refused it
in SYSTEMPATH\Database\BaseConnection.php on line 427.
 1 SYSTEMPATH\Database\BaseConnection.php(574): CodeIgniter\Database\BaseConnection->initialize()
 2 SYSTEMPATH\Database\BaseBuilder.php(1616): CodeIgniter\Database\BaseConnection->query('SELECT `apd`.`id`, `apd`.`status`, `apd`.`project_id`, `apd`.`task_title`, `apd`.`mode`, `apd`.`due_date`, `apd`.`assigned_by`, (SELECT GROUP_CONCAT(e.name) FROM task_employee drt 
										INNER JOIN tbl_employees e ON drt.emp_id = e.id 
										WHERE drt.task_id = apd.id) as related_employee, (SELECT p.project_title FROM tbl_project p
						WHERE p.id = apd.project_id) as project_title, (SELECT e.name FROM tbl_employees e
						WHERE e.id = apd.assigned_by) as assignedby
FROM `tasks` `apd`
INNER JOIN `task_employee` `drt` ON `apd`.`id` = `drt`.`task_id`
INNER JOIN `task_employee` `te` ON `te`.`task_id` = `apd`.`id`
WHERE `apd`.`status` = :apd.status:
AND `apd`.`mode` = :apd.mode:
AND `apd`.`assigned_by` = :apd.assigned_by:
GROUP BY `apd`.`id`
ORDER BY `apd`.`id` DESC', [...], false)
 3 APPPATH\Models\Default_model.php(258): CodeIgniter\Database\BaseBuilder->get()
 4 APPPATH\Controllers\Apicontroller.php(89): App\Models\Default_model->select_task(1, '')
 5 SYSTEMPATH\CodeIgniter.php(932): App\Controllers\Apicontroller->add_task()
 6 SYSTEMPATH\CodeIgniter.php(497): CodeIgniter\CodeIgniter->runController(Object(App\Controllers\Apicontroller))
 7 SYSTEMPATH\CodeIgniter.php(366): CodeIgniter\CodeIgniter->handleRequest(null, Object(Config\Cache), false)
 8 FCPATH\index.php(67): CodeIgniter\CodeIgniter->run()
ERROR - 2023-09-20 00:11:32 --> Error connecting to the database: mysqli_sql_exception: No connection could be made because the target machine actively refused it in C:\xampp\htdocs\new-task\system\Database\MySQLi\Connection.php:173
Stack trace:
#0 C:\xampp\htdocs\new-task\system\Database\MySQLi\Connection.php(173): mysqli->real_connect('localhost', 'root', Object(SensitiveParameterValue), 'task_manager', 3306, '', 0)
#1 C:\xampp\htdocs\new-task\system\Database\BaseConnection.php(391): CodeIgniter\Database\MySQLi\Connection->connect(false)
#2 C:\xampp\htdocs\new-task\system\Database\BaseConnection.php(574): CodeIgniter\Database\BaseConnection->initialize()
#3 C:\xampp\htdocs\new-task\system\Database\BaseBuilder.php(1616): CodeIgniter\Database\BaseConnection->query('SELECT `apd`.`i...', Array, false)
#4 C:\xampp\htdocs\new-task\app\Models\Default_model.php(258): CodeIgniter\Database\BaseBuilder->get()
#5 C:\xampp\htdocs\new-task\app\Controllers\Apicontroller.php(89): App\Models\Default_model->select_task(1, '')
#6 C:\xampp\htdocs\new-task\system\CodeIgniter.php(932): App\Controllers\Apicontroller->add_task()
#7 C:\xampp\htdocs\new-task\system\CodeIgniter.php(497): CodeIgniter\CodeIgniter->runController(Object(App\Controllers\Apicontroller))
#8 C:\xampp\htdocs\new-task\system\CodeIgniter.php(366): CodeIgniter\CodeIgniter->handleRequest(NULL, Object(Config\Cache), false)
#9 C:\xampp\htdocs\new-task\index.php(67): CodeIgniter\CodeIgniter->run()
#10 {main}

Next CodeIgniter\Database\Exceptions\DatabaseException: No connection could be made because the target machine actively refused it in C:\xampp\htdocs\new-task\system\Database\MySQLi\Connection.php:218
Stack trace:
#0 C:\xampp\htdocs\new-task\system\Database\BaseConnection.php(391): CodeIgniter\Database\MySQLi\Connection->connect(false)
#1 C:\xampp\htdocs\new-task\system\Database\BaseConnection.php(574): CodeIgniter\Database\BaseConnection->initialize()
#2 C:\xampp\htdocs\new-task\system\Database\BaseBuilder.php(1616): CodeIgniter\Database\BaseConnection->query('SELECT `apd`.`i...', Array, false)
#3 C:\xampp\htdocs\new-task\app\Models\Default_model.php(258): CodeIgniter\Database\BaseBuilder->get()
#4 C:\xampp\htdocs\new-task\app\Controllers\Apicontroller.php(89): App\Models\Default_model->select_task(1, '')
#5 C:\xampp\htdocs\new-task\system\CodeIgniter.php(932): App\Controllers\Apicontroller->add_task()
#6 C:\xampp\htdocs\new-task\system\CodeIgniter.php(497): CodeIgniter\CodeIgniter->runController(Object(App\Controllers\Apicontroller))
#7 C:\xampp\htdocs\new-task\system\CodeIgniter.php(366): CodeIgniter\CodeIgniter->handleRequest(NULL, Object(Config\Cache), false)
#8 C:\xampp\htdocs\new-task\index.php(67): CodeIgniter\CodeIgniter->run()
#9 {main}
CRITICAL - 2023-09-20 00:11:32 --> Unable to connect to the database.
Main connection [MySQLi]: No connection could be made because the target machine actively refused it
in SYSTEMPATH\Database\BaseConnection.php on line 427.
 1 SYSTEMPATH\Database\BaseConnection.php(574): CodeIgniter\Database\BaseConnection->initialize()
 2 SYSTEMPATH\Database\BaseBuilder.php(1616): CodeIgniter\Database\BaseConnection->query('SELECT `apd`.`id`, `apd`.`status`, `apd`.`project_id`, `apd`.`task_title`, `apd`.`mode`, `apd`.`due_date`, `apd`.`assigned_by`, (SELECT GROUP_CONCAT(e.name) FROM task_employee drt 
										INNER JOIN tbl_employees e ON drt.emp_id = e.id 
										WHERE drt.task_id = apd.id) as related_employee, (SELECT p.project_title FROM tbl_project p
						WHERE p.id = apd.project_id) as project_title, (SELECT e.name FROM tbl_employees e
						WHERE e.id = apd.assigned_by) as assignedby
FROM `tasks` `apd`
INNER JOIN `task_employee` `drt` ON `apd`.`id` = `drt`.`task_id`
INNER JOIN `task_employee` `te` ON `te`.`task_id` = `apd`.`id`
WHERE `apd`.`status` = :apd.status:
AND `apd`.`mode` = :apd.mode:
AND `apd`.`assigned_by` = :apd.assigned_by:
GROUP BY `apd`.`id`
ORDER BY `apd`.`id` DESC', [...], false)
 3 APPPATH\Models\Default_model.php(258): CodeIgniter\Database\BaseBuilder->get()
 4 APPPATH\Controllers\Apicontroller.php(89): App\Models\Default_model->select_task(1, '')
 5 SYSTEMPATH\CodeIgniter.php(932): App\Controllers\Apicontroller->add_task()
 6 SYSTEMPATH\CodeIgniter.php(497): CodeIgniter\CodeIgniter->runController(Object(App\Controllers\Apicontroller))
 7 SYSTEMPATH\CodeIgniter.php(366): CodeIgniter\CodeIgniter->handleRequest(null, Object(Config\Cache), false)
 8 FCPATH\index.php(67): CodeIgniter\CodeIgniter->run()
WARNING - 2023-09-20 00:11:50 --> [DEPRECATED] Optional parameter $where declared before required parameter $data is implicitly treated as a required parameter in APPPATH\Models\Default_model.php on line 23.
 1 SYSTEMPATH\Autoloader\Autoloader.php(314): include_once('C:\\xampp\\htdocs\\new-task\\system\\Debug\\Exceptions.php')
 2 SYSTEMPATH\Autoloader\Autoloader.php(291): CodeIgniter\Autoloader\Autoloader->includeFile('C:\\xampp\\htdocs\\new-task\\app\\Models\\Default_model.php')
 3 SYSTEMPATH\Autoloader\Autoloader.php(269): CodeIgniter\Autoloader\Autoloader->loadInNamespace('App\\Models\\Default_model')
 4 APPPATH\Controllers\Apicontroller.php(87): CodeIgniter\Autoloader\Autoloader->loadClass('App\\Models\\Default_model')
 5 SYSTEMPATH\CodeIgniter.php(932): App\Controllers\Apicontroller->add_task()
 6 SYSTEMPATH\CodeIgniter.php(497): CodeIgniter\CodeIgniter->runController(Object(App\Controllers\Apicontroller))
 7 SYSTEMPATH\CodeIgniter.php(366): CodeIgniter\CodeIgniter->handleRequest(null, Object(Config\Cache), false)
 8 FCPATH\index.php(67): CodeIgniter\CodeIgniter->run()
WARNING - 2023-09-20 00:11:50 --> [DEPRECATED] Optional parameter $whereValue declared before required parameter $data is implicitly treated as a required parameter in APPPATH\Models\Default_model.php on line 0.
 1 SYSTEMPATH\Autoloader\Autoloader.php(314): include_once('C:\\xampp\\htdocs\\new-task\\system\\Debug\\Exceptions.php')
 2 SYSTEMPATH\Autoloader\Autoloader.php(291): CodeIgniter\Autoloader\Autoloader->includeFile('C:\\xampp\\htdocs\\new-task\\app\\Models\\Default_model.php')
 3 SYSTEMPATH\Autoloader\Autoloader.php(269): CodeIgniter\Autoloader\Autoloader->loadInNamespace('App\\Models\\Default_model')
 4 APPPATH\Controllers\Apicontroller.php(87): CodeIgniter\Autoloader\Autoloader->loadClass('App\\Models\\Default_model')
 5 SYSTEMPATH\CodeIgniter.php(932): App\Controllers\Apicontroller->add_task()
 6 SYSTEMPATH\CodeIgniter.php(497): CodeIgniter\CodeIgniter->runController(Object(App\Controllers\Apicontroller))
 7 SYSTEMPATH\CodeIgniter.php(366): CodeIgniter\CodeIgniter->handleRequest(null, Object(Config\Cache), false)
 8 FCPATH\index.php(67): CodeIgniter\CodeIgniter->run()
WARNING - 2023-09-20 00:11:50 --> [DEPRECATED] Optional parameter $select declared before required parameter $limit is implicitly treated as a required parameter in APPPATH\Models\Default_model.php on line 138.
 1 SYSTEMPATH\Autoloader\Autoloader.php(314): include_once('C:\\xampp\\htdocs\\new-task\\system\\Debug\\Exceptions.php')
 2 SYSTEMPATH\Autoloader\Autoloader.php(291): CodeIgniter\Autoloader\Autoloader->includeFile('C:\\xampp\\htdocs\\new-task\\app\\Models\\Default_model.php')
 3 SYSTEMPATH\Autoloader\Autoloader.php(269): CodeIgniter\Autoloader\Autoloader->loadInNamespace('App\\Models\\Default_model')
 4 APPPATH\Controllers\Apicontroller.php(87): CodeIgniter\Autoloader\Autoloader->loadClass('App\\Models\\Default_model')
 5 SYSTEMPATH\CodeIgniter.php(932): App\Controllers\Apicontroller->add_task()
 6 SYSTEMPATH\CodeIgniter.php(497): CodeIgniter\CodeIgniter->runController(Object(App\Controllers\Apicontroller))
 7 SYSTEMPATH\CodeIgniter.php(366): CodeIgniter\CodeIgniter->handleRequest(null, Object(Config\Cache), false)
 8 FCPATH\index.php(67): CodeIgniter\CodeIgniter->run()
WARNING - 2023-09-20 00:12:21 --> [DEPRECATED] Optional parameter $where declared before required parameter $data is implicitly treated as a required parameter in APPPATH\Models\Default_model.php on line 23.
 1 SYSTEMPATH\Autoloader\Autoloader.php(314): include_once('C:\\xampp\\htdocs\\new-task\\system\\Debug\\Exceptions.php')
 2 SYSTEMPATH\Autoloader\Autoloader.php(291): CodeIgniter\Autoloader\Autoloader->includeFile('C:\\xampp\\htdocs\\new-task\\app\\Models\\Default_model.php')
 3 SYSTEMPATH\Autoloader\Autoloader.php(269): CodeIgniter\Autoloader\Autoloader->loadInNamespace('App\\Models\\Default_model')
 4 APPPATH\Controllers\Apicontroller.php(106): CodeIgniter\Autoloader\Autoloader->loadClass('App\\Models\\Default_model')
 5 SYSTEMPATH\CodeIgniter.php(932): App\Controllers\Apicontroller->edit_task()
 6 SYSTEMPATH\CodeIgniter.php(497): CodeIgniter\CodeIgniter->runController(Object(App\Controllers\Apicontroller))
 7 SYSTEMPATH\CodeIgniter.php(366): CodeIgniter\CodeIgniter->handleRequest(null, Object(Config\Cache), false)
 8 FCPATH\index.php(67): CodeIgniter\CodeIgniter->run()
WARNING - 2023-09-20 00:12:21 --> [DEPRECATED] Optional parameter $whereValue declared before required parameter $data is implicitly treated as a required parameter in APPPATH\Models\Default_model.php on line 0.
 1 SYSTEMPATH\Autoloader\Autoloader.php(314): include_once('C:\\xampp\\htdocs\\new-task\\system\\Debug\\Exceptions.php')
 2 SYSTEMPATH\Autoloader\Autoloader.php(291): CodeIgniter\Autoloader\Autoloader->includeFile('C:\\xampp\\htdocs\\new-task\\app\\Models\\Default_model.php')
 3 SYSTEMPATH\Autoloader\Autoloader.php(269): CodeIgniter\Autoloader\Autoloader->loadInNamespace('App\\Models\\Default_model')
 4 APPPATH\Controllers\Apicontroller.php(106): CodeIgniter\Autoloader\Autoloader->loadClass('App\\Models\\Default_model')
 5 SYSTEMPATH\CodeIgniter.php(932): App\Controllers\Apicontroller->edit_task()
 6 SYSTEMPATH\CodeIgniter.php(497): CodeIgniter\CodeIgniter->runController(Object(App\Controllers\Apicontroller))
 7 SYSTEMPATH\CodeIgniter.php(366): CodeIgniter\CodeIgniter->handleRequest(null, Object(Config\Cache), false)
 8 FCPATH\index.php(67): CodeIgniter\CodeIgniter->run()
WARNING - 2023-09-20 00:12:21 --> [DEPRECATED] Optional parameter $select declared before required parameter $limit is implicitly treated as a required parameter in APPPATH\Models\Default_model.php on line 138.
 1 SYSTEMPATH\Autoloader\Autoloader.php(314): include_once('C:\\xampp\\htdocs\\new-task\\system\\Debug\\Exceptions.php')
 2 SYSTEMPATH\Autoloader\Autoloader.php(291): CodeIgniter\Autoloader\Autoloader->includeFile('C:\\xampp\\htdocs\\new-task\\app\\Models\\Default_model.php')
 3 SYSTEMPATH\Autoloader\Autoloader.php(269): CodeIgniter\Autoloader\Autoloader->loadInNamespace('App\\Models\\Default_model')
 4 APPPATH\Controllers\Apicontroller.php(106): CodeIgniter\Autoloader\Autoloader->loadClass('App\\Models\\Default_model')
 5 SYSTEMPATH\CodeIgniter.php(932): App\Controllers\Apicontroller->edit_task()
 6 SYSTEMPATH\CodeIgniter.php(497): CodeIgniter\CodeIgniter->runController(Object(App\Controllers\Apicontroller))
 7 SYSTEMPATH\CodeIgniter.php(366): CodeIgniter\CodeIgniter->handleRequest(null, Object(Config\Cache), false)
 8 FCPATH\index.php(67): CodeIgniter\CodeIgniter->run()
WARNING - 2023-09-20 00:12:28 --> [DEPRECATED] Optional parameter $where declared before required parameter $data is implicitly treated as a required parameter in APPPATH\Models\Default_model.php on line 23.
 1 SYSTEMPATH\Autoloader\Autoloader.php(314): include_once('C:\\xampp\\htdocs\\new-task\\system\\Debug\\Exceptions.php')
 2 SYSTEMPATH\Autoloader\Autoloader.php(291): CodeIgniter\Autoloader\Autoloader->includeFile('C:\\xampp\\htdocs\\new-task\\app\\Models\\Default_model.php')
 3 SYSTEMPATH\Autoloader\Autoloader.php(269): CodeIgniter\Autoloader\Autoloader->loadInNamespace('App\\Models\\Default_model')
 4 APPPATH\Controllers\Apicontroller.php(106): CodeIgniter\Autoloader\Autoloader->loadClass('App\\Models\\Default_model')
 5 SYSTEMPATH\CodeIgniter.php(932): App\Controllers\Apicontroller->edit_task()
 6 SYSTEMPATH\CodeIgniter.php(497): CodeIgniter\CodeIgniter->runController(Object(App\Controllers\Apicontroller))
 7 SYSTEMPATH\CodeIgniter.php(366): CodeIgniter\CodeIgniter->handleRequest(null, Object(Config\Cache), false)
 8 FCPATH\index.php(67): CodeIgniter\CodeIgniter->run()
WARNING - 2023-09-20 00:12:28 --> [DEPRECATED] Optional parameter $whereValue declared before required parameter $data is implicitly treated as a required parameter in APPPATH\Models\Default_model.php on line 0.
 1 SYSTEMPATH\Autoloader\Autoloader.php(314): include_once('C:\\xampp\\htdocs\\new-task\\system\\Debug\\Exceptions.php')
 2 SYSTEMPATH\Autoloader\Autoloader.php(291): CodeIgniter\Autoloader\Autoloader->includeFile('C:\\xampp\\htdocs\\new-task\\app\\Models\\Default_model.php')
 3 SYSTEMPATH\Autoloader\Autoloader.php(269): CodeIgniter\Autoloader\Autoloader->loadInNamespace('App\\Models\\Default_model')
 4 APPPATH\Controllers\Apicontroller.php(106): CodeIgniter\Autoloader\Autoloader->loadClass('App\\Models\\Default_model')
 5 SYSTEMPATH\CodeIgniter.php(932): App\Controllers\Apicontroller->edit_task()
 6 SYSTEMPATH\CodeIgniter.php(497): CodeIgniter\CodeIgniter->runController(Object(App\Controllers\Apicontroller))
 7 SYSTEMPATH\CodeIgniter.php(366): CodeIgniter\CodeIgniter->handleRequest(null, Object(Config\Cache), false)
 8 FCPATH\index.php(67): CodeIgniter\CodeIgniter->run()
WARNING - 2023-09-20 00:12:28 --> [DEPRECATED] Optional parameter $select declared before required parameter $limit is implicitly treated as a required parameter in APPPATH\Models\Default_model.php on line 138.
 1 SYSTEMPATH\Autoloader\Autoloader.php(314): include_once('C:\\xampp\\htdocs\\new-task\\system\\Debug\\Exceptions.php')
 2 SYSTEMPATH\Autoloader\Autoloader.php(291): CodeIgniter\Autoloader\Autoloader->includeFile('C:\\xampp\\htdocs\\new-task\\app\\Models\\Default_model.php')
 3 SYSTEMPATH\Autoloader\Autoloader.php(269): CodeIgniter\Autoloader\Autoloader->loadInNamespace('App\\Models\\Default_model')
 4 APPPATH\Controllers\Apicontroller.php(106): CodeIgniter\Autoloader\Autoloader->loadClass('App\\Models\\Default_model')
 5 SYSTEMPATH\CodeIgniter.php(932): App\Controllers\Apicontroller->edit_task()
 6 SYSTEMPATH\CodeIgniter.php(497): CodeIgniter\CodeIgniter->runController(Object(App\Controllers\Apicontroller))
 7 SYSTEMPATH\CodeIgniter.php(366): CodeIgniter\CodeIgniter->handleRequest(null, Object(Config\Cache), false)
 8 FCPATH\index.php(67): CodeIgniter\CodeIgniter->run()
