WARNING - 2023-10-18 04:31:14 --> [DEPRECATED] Optional parameter $where declared before required parameter $data is implicitly treated as a required parameter in APPPATH\Models\Default_model.php on line 23.
 1 SYSTEMPATH\Autoloader\Autoloader.php(314): include_once('C:\\xampp\\htdocs\\new-task\\system\\Debug\\Exceptions.php')
 2 SYSTEMPATH\Autoloader\Autoloader.php(291): CodeIgniter\Autoloader\Autoloader->includeFile('C:\\xampp\\htdocs\\new-task\\app\\Models\\Default_model.php')
 3 SYSTEMPATH\Autoloader\Autoloader.php(269): CodeIgniter\Autoloader\Autoloader->loadInNamespace('App\\Models\\Default_model')
 4 APPPATH\Controllers\taskcontroller.php(12): CodeIgniter\Autoloader\Autoloader->loadClass('App\\Models\\Default_model')
 5 SYSTEMPATH\CodeIgniter.php(904): App\Controllers\taskcontroller->__construct()
 6 SYSTEMPATH\CodeIgniter.php(488): CodeIgniter\CodeIgniter->createController()
 7 SYSTEMPATH\CodeIgniter.php(366): CodeIgniter\CodeIgniter->handleRequest(null, Object(Config\Cache), false)
 8 FCPATH\index.php(67): CodeIgniter\CodeIgniter->run()
WARNING - 2023-10-18 04:31:14 --> [DEPRECATED] Optional parameter $whereValue declared before required parameter $data is implicitly treated as a required parameter in APPPATH\Models\Default_model.php on line 0.
 1 SYSTEMPATH\Autoloader\Autoloader.php(314): include_once('C:\\xampp\\htdocs\\new-task\\system\\Debug\\Exceptions.php')
 2 SYSTEMPATH\Autoloader\Autoloader.php(291): CodeIgniter\Autoloader\Autoloader->includeFile('C:\\xampp\\htdocs\\new-task\\app\\Models\\Default_model.php')
 3 SYSTEMPATH\Autoloader\Autoloader.php(269): CodeIgniter\Autoloader\Autoloader->loadInNamespace('App\\Models\\Default_model')
 4 APPPATH\Controllers\taskcontroller.php(12): CodeIgniter\Autoloader\Autoloader->loadClass('App\\Models\\Default_model')
 5 SYSTEMPATH\CodeIgniter.php(904): App\Controllers\taskcontroller->__construct()
 6 SYSTEMPATH\CodeIgniter.php(488): CodeIgniter\CodeIgniter->createController()
 7 SYSTEMPATH\CodeIgniter.php(366): CodeIgniter\CodeIgniter->handleRequest(null, Object(Config\Cache), false)
 8 FCPATH\index.php(67): CodeIgniter\CodeIgniter->run()
WARNING - 2023-10-18 04:31:14 --> [DEPRECATED] Optional parameter $select declared before required parameter $limit is implicitly treated as a required parameter in APPPATH\Models\Default_model.php on line 138.
 1 SYSTEMPATH\Autoloader\Autoloader.php(314): include_once('C:\\xampp\\htdocs\\new-task\\system\\Debug\\Exceptions.php')
 2 SYSTEMPATH\Autoloader\Autoloader.php(291): CodeIgniter\Autoloader\Autoloader->includeFile('C:\\xampp\\htdocs\\new-task\\app\\Models\\Default_model.php')
 3 SYSTEMPATH\Autoloader\Autoloader.php(269): CodeIgniter\Autoloader\Autoloader->loadInNamespace('App\\Models\\Default_model')
 4 APPPATH\Controllers\taskcontroller.php(12): CodeIgniter\Autoloader\Autoloader->loadClass('App\\Models\\Default_model')
 5 SYSTEMPATH\CodeIgniter.php(904): App\Controllers\taskcontroller->__construct()
 6 SYSTEMPATH\CodeIgniter.php(488): CodeIgniter\CodeIgniter->createController()
 7 SYSTEMPATH\CodeIgniter.php(366): CodeIgniter\CodeIgniter->handleRequest(null, Object(Config\Cache), false)
 8 FCPATH\index.php(67): CodeIgniter\CodeIgniter->run()
WARNING - 2023-10-18 04:31:14 --> [DEPRECATED] Creation of dynamic property App\Controllers\taskcontroller::$Default_model is deprecated in APPPATH\Controllers\taskcontroller.php on line 12.
 1 SYSTEMPATH\CodeIgniter.php(904): App\Controllers\taskcontroller->__construct()
 2 SYSTEMPATH\CodeIgniter.php(488): CodeIgniter\CodeIgniter->createController()
 3 SYSTEMPATH\CodeIgniter.php(366): CodeIgniter\CodeIgniter->handleRequest(null, Object(Config\Cache), false)
 4 FCPATH\index.php(67): CodeIgniter\CodeIgniter->run()
INFO - 2023-10-18 04:31:14 --> Session: Class initialized using 'CodeIgniter\Session\Handlers\FileHandler' driver.
WARNING - 2023-10-18 04:31:14 --> [DEPRECATED] Creation of dynamic property App\Controllers\taskcontroller::$session is deprecated in APPPATH\Controllers\taskcontroller.php on line 13.
 1 SYSTEMPATH\CodeIgniter.php(904): App\Controllers\taskcontroller->__construct()
 2 SYSTEMPATH\CodeIgniter.php(488): CodeIgniter\CodeIgniter->createController()
 3 SYSTEMPATH\CodeIgniter.php(366): CodeIgniter\CodeIgniter->handleRequest(null, Object(Config\Cache), false)
 4 FCPATH\index.php(67): CodeIgniter\CodeIgniter->run()
WARNING - 2023-10-18 04:31:19 --> [DEPRECATED] Optional parameter $where declared before required parameter $data is implicitly treated as a required parameter in APPPATH\Models\Default_model.php on line 23.
 1 SYSTEMPATH\Autoloader\Autoloader.php(314): include_once('C:\\xampp\\htdocs\\new-task\\system\\Debug\\Exceptions.php')
 2 SYSTEMPATH\Autoloader\Autoloader.php(291): CodeIgniter\Autoloader\Autoloader->includeFile('C:\\xampp\\htdocs\\new-task\\app\\Models\\Default_model.php')
 3 SYSTEMPATH\Autoloader\Autoloader.php(269): CodeIgniter\Autoloader\Autoloader->loadInNamespace('App\\Models\\Default_model')
 4 APPPATH\Controllers\taskcontroller.php(12): CodeIgniter\Autoloader\Autoloader->loadClass('App\\Models\\Default_model')
 5 SYSTEMPATH\CodeIgniter.php(904): App\Controllers\taskcontroller->__construct()
 6 SYSTEMPATH\CodeIgniter.php(488): CodeIgniter\CodeIgniter->createController()
 7 SYSTEMPATH\CodeIgniter.php(366): CodeIgniter\CodeIgniter->handleRequest(null, Object(Config\Cache), false)
 8 FCPATH\index.php(67): CodeIgniter\CodeIgniter->run()
WARNING - 2023-10-18 04:31:19 --> [DEPRECATED] Optional parameter $whereValue declared before required parameter $data is implicitly treated as a required parameter in APPPATH\Models\Default_model.php on line 0.
 1 SYSTEMPATH\Autoloader\Autoloader.php(314): include_once('C:\\xampp\\htdocs\\new-task\\system\\Debug\\Exceptions.php')
 2 SYSTEMPATH\Autoloader\Autoloader.php(291): CodeIgniter\Autoloader\Autoloader->includeFile('C:\\xampp\\htdocs\\new-task\\app\\Models\\Default_model.php')
 3 SYSTEMPATH\Autoloader\Autoloader.php(269): CodeIgniter\Autoloader\Autoloader->loadInNamespace('App\\Models\\Default_model')
 4 APPPATH\Controllers\taskcontroller.php(12): CodeIgniter\Autoloader\Autoloader->loadClass('App\\Models\\Default_model')
 5 SYSTEMPATH\CodeIgniter.php(904): App\Controllers\taskcontroller->__construct()
 6 SYSTEMPATH\CodeIgniter.php(488): CodeIgniter\CodeIgniter->createController()
 7 SYSTEMPATH\CodeIgniter.php(366): CodeIgniter\CodeIgniter->handleRequest(null, Object(Config\Cache), false)
 8 FCPATH\index.php(67): CodeIgniter\CodeIgniter->run()
WARNING - 2023-10-18 04:31:19 --> [DEPRECATED] Optional parameter $select declared before required parameter $limit is implicitly treated as a required parameter in APPPATH\Models\Default_model.php on line 138.
 1 SYSTEMPATH\Autoloader\Autoloader.php(314): include_once('C:\\xampp\\htdocs\\new-task\\system\\Debug\\Exceptions.php')
 2 SYSTEMPATH\Autoloader\Autoloader.php(291): CodeIgniter\Autoloader\Autoloader->includeFile('C:\\xampp\\htdocs\\new-task\\app\\Models\\Default_model.php')
 3 SYSTEMPATH\Autoloader\Autoloader.php(269): CodeIgniter\Autoloader\Autoloader->loadInNamespace('App\\Models\\Default_model')
 4 APPPATH\Controllers\taskcontroller.php(12): CodeIgniter\Autoloader\Autoloader->loadClass('App\\Models\\Default_model')
 5 SYSTEMPATH\CodeIgniter.php(904): App\Controllers\taskcontroller->__construct()
 6 SYSTEMPATH\CodeIgniter.php(488): CodeIgniter\CodeIgniter->createController()
 7 SYSTEMPATH\CodeIgniter.php(366): CodeIgniter\CodeIgniter->handleRequest(null, Object(Config\Cache), false)
 8 FCPATH\index.php(67): CodeIgniter\CodeIgniter->run()
WARNING - 2023-10-18 04:31:19 --> [DEPRECATED] Creation of dynamic property App\Controllers\taskcontroller::$Default_model is deprecated in APPPATH\Controllers\taskcontroller.php on line 12.
 1 SYSTEMPATH\CodeIgniter.php(904): App\Controllers\taskcontroller->__construct()
 2 SYSTEMPATH\CodeIgniter.php(488): CodeIgniter\CodeIgniter->createController()
 3 SYSTEMPATH\CodeIgniter.php(366): CodeIgniter\CodeIgniter->handleRequest(null, Object(Config\Cache), false)
 4 FCPATH\index.php(67): CodeIgniter\CodeIgniter->run()
INFO - 2023-10-18 04:31:19 --> Session: Class initialized using 'CodeIgniter\Session\Handlers\FileHandler' driver.
WARNING - 2023-10-18 04:31:19 --> [DEPRECATED] Creation of dynamic property App\Controllers\taskcontroller::$session is deprecated in APPPATH\Controllers\taskcontroller.php on line 13.
 1 SYSTEMPATH\CodeIgniter.php(904): App\Controllers\taskcontroller->__construct()
 2 SYSTEMPATH\CodeIgniter.php(488): CodeIgniter\CodeIgniter->createController()
 3 SYSTEMPATH\CodeIgniter.php(366): CodeIgniter\CodeIgniter->handleRequest(null, Object(Config\Cache), false)
 4 FCPATH\index.php(67): CodeIgniter\CodeIgniter->run()
WARNING - 2023-10-18 04:31:22 --> [DEPRECATED] Optional parameter $where declared before required parameter $data is implicitly treated as a required parameter in APPPATH\Models\Default_model.php on line 23.
 1 SYSTEMPATH\Autoloader\Autoloader.php(314): include_once('C:\\xampp\\htdocs\\new-task\\system\\Debug\\Exceptions.php')
 2 SYSTEMPATH\Autoloader\Autoloader.php(291): CodeIgniter\Autoloader\Autoloader->includeFile('C:\\xampp\\htdocs\\new-task\\app\\Models\\Default_model.php')
 3 SYSTEMPATH\Autoloader\Autoloader.php(269): CodeIgniter\Autoloader\Autoloader->loadInNamespace('App\\Models\\Default_model')
 4 APPPATH\Controllers\taskcontroller.php(12): CodeIgniter\Autoloader\Autoloader->loadClass('App\\Models\\Default_model')
 5 SYSTEMPATH\CodeIgniter.php(904): App\Controllers\taskcontroller->__construct()
 6 SYSTEMPATH\CodeIgniter.php(488): CodeIgniter\CodeIgniter->createController()
 7 SYSTEMPATH\CodeIgniter.php(366): CodeIgniter\CodeIgniter->handleRequest(null, Object(Config\Cache), false)
 8 FCPATH\index.php(67): CodeIgniter\CodeIgniter->run()
WARNING - 2023-10-18 04:31:22 --> [DEPRECATED] Optional parameter $whereValue declared before required parameter $data is implicitly treated as a required parameter in APPPATH\Models\Default_model.php on line 0.
 1 SYSTEMPATH\Autoloader\Autoloader.php(314): include_once('C:\\xampp\\htdocs\\new-task\\system\\Debug\\Exceptions.php')
 2 SYSTEMPATH\Autoloader\Autoloader.php(291): CodeIgniter\Autoloader\Autoloader->includeFile('C:\\xampp\\htdocs\\new-task\\app\\Models\\Default_model.php')
 3 SYSTEMPATH\Autoloader\Autoloader.php(269): CodeIgniter\Autoloader\Autoloader->loadInNamespace('App\\Models\\Default_model')
 4 APPPATH\Controllers\taskcontroller.php(12): CodeIgniter\Autoloader\Autoloader->loadClass('App\\Models\\Default_model')
 5 SYSTEMPATH\CodeIgniter.php(904): App\Controllers\taskcontroller->__construct()
 6 SYSTEMPATH\CodeIgniter.php(488): CodeIgniter\CodeIgniter->createController()
 7 SYSTEMPATH\CodeIgniter.php(366): CodeIgniter\CodeIgniter->handleRequest(null, Object(Config\Cache), false)
 8 FCPATH\index.php(67): CodeIgniter\CodeIgniter->run()
WARNING - 2023-10-18 04:31:22 --> [DEPRECATED] Optional parameter $select declared before required parameter $limit is implicitly treated as a required parameter in APPPATH\Models\Default_model.php on line 138.
 1 SYSTEMPATH\Autoloader\Autoloader.php(314): include_once('C:\\xampp\\htdocs\\new-task\\system\\Debug\\Exceptions.php')
 2 SYSTEMPATH\Autoloader\Autoloader.php(291): CodeIgniter\Autoloader\Autoloader->includeFile('C:\\xampp\\htdocs\\new-task\\app\\Models\\Default_model.php')
 3 SYSTEMPATH\Autoloader\Autoloader.php(269): CodeIgniter\Autoloader\Autoloader->loadInNamespace('App\\Models\\Default_model')
 4 APPPATH\Controllers\taskcontroller.php(12): CodeIgniter\Autoloader\Autoloader->loadClass('App\\Models\\Default_model')
 5 SYSTEMPATH\CodeIgniter.php(904): App\Controllers\taskcontroller->__construct()
 6 SYSTEMPATH\CodeIgniter.php(488): CodeIgniter\CodeIgniter->createController()
 7 SYSTEMPATH\CodeIgniter.php(366): CodeIgniter\CodeIgniter->handleRequest(null, Object(Config\Cache), false)
 8 FCPATH\index.php(67): CodeIgniter\CodeIgniter->run()
WARNING - 2023-10-18 04:31:22 --> [DEPRECATED] Creation of dynamic property App\Controllers\taskcontroller::$Default_model is deprecated in APPPATH\Controllers\taskcontroller.php on line 12.
 1 SYSTEMPATH\CodeIgniter.php(904): App\Controllers\taskcontroller->__construct()
 2 SYSTEMPATH\CodeIgniter.php(488): CodeIgniter\CodeIgniter->createController()
 3 SYSTEMPATH\CodeIgniter.php(366): CodeIgniter\CodeIgniter->handleRequest(null, Object(Config\Cache), false)
 4 FCPATH\index.php(67): CodeIgniter\CodeIgniter->run()
INFO - 2023-10-18 04:31:22 --> Session: Class initialized using 'CodeIgniter\Session\Handlers\FileHandler' driver.
WARNING - 2023-10-18 04:31:22 --> [DEPRECATED] Creation of dynamic property App\Controllers\taskcontroller::$session is deprecated in APPPATH\Controllers\taskcontroller.php on line 13.
 1 SYSTEMPATH\CodeIgniter.php(904): App\Controllers\taskcontroller->__construct()
 2 SYSTEMPATH\CodeIgniter.php(488): CodeIgniter\CodeIgniter->createController()
 3 SYSTEMPATH\CodeIgniter.php(366): CodeIgniter\CodeIgniter->handleRequest(null, Object(Config\Cache), false)
 4 FCPATH\index.php(67): CodeIgniter\CodeIgniter->run()
WARNING - 2023-10-18 04:31:25 --> [DEPRECATED] Optional parameter $where declared before required parameter $data is implicitly treated as a required parameter in APPPATH\Models\Default_model.php on line 23.
 1 SYSTEMPATH\Autoloader\Autoloader.php(314): include_once('C:\\xampp\\htdocs\\new-task\\system\\Debug\\Exceptions.php')
 2 SYSTEMPATH\Autoloader\Autoloader.php(291): CodeIgniter\Autoloader\Autoloader->includeFile('C:\\xampp\\htdocs\\new-task\\app\\Models\\Default_model.php')
 3 SYSTEMPATH\Autoloader\Autoloader.php(269): CodeIgniter\Autoloader\Autoloader->loadInNamespace('App\\Models\\Default_model')
 4 APPPATH\Controllers\taskcontroller.php(12): CodeIgniter\Autoloader\Autoloader->loadClass('App\\Models\\Default_model')
 5 SYSTEMPATH\CodeIgniter.php(904): App\Controllers\taskcontroller->__construct()
 6 SYSTEMPATH\CodeIgniter.php(488): CodeIgniter\CodeIgniter->createController()
 7 SYSTEMPATH\CodeIgniter.php(366): CodeIgniter\CodeIgniter->handleRequest(null, Object(Config\Cache), false)
 8 FCPATH\index.php(67): CodeIgniter\CodeIgniter->run()
WARNING - 2023-10-18 04:31:25 --> [DEPRECATED] Optional parameter $whereValue declared before required parameter $data is implicitly treated as a required parameter in APPPATH\Models\Default_model.php on line 0.
 1 SYSTEMPATH\Autoloader\Autoloader.php(314): include_once('C:\\xampp\\htdocs\\new-task\\system\\Debug\\Exceptions.php')
 2 SYSTEMPATH\Autoloader\Autoloader.php(291): CodeIgniter\Autoloader\Autoloader->includeFile('C:\\xampp\\htdocs\\new-task\\app\\Models\\Default_model.php')
 3 SYSTEMPATH\Autoloader\Autoloader.php(269): CodeIgniter\Autoloader\Autoloader->loadInNamespace('App\\Models\\Default_model')
 4 APPPATH\Controllers\taskcontroller.php(12): CodeIgniter\Autoloader\Autoloader->loadClass('App\\Models\\Default_model')
 5 SYSTEMPATH\CodeIgniter.php(904): App\Controllers\taskcontroller->__construct()
 6 SYSTEMPATH\CodeIgniter.php(488): CodeIgniter\CodeIgniter->createController()
 7 SYSTEMPATH\CodeIgniter.php(366): CodeIgniter\CodeIgniter->handleRequest(null, Object(Config\Cache), false)
 8 FCPATH\index.php(67): CodeIgniter\CodeIgniter->run()
WARNING - 2023-10-18 04:31:25 --> [DEPRECATED] Optional parameter $select declared before required parameter $limit is implicitly treated as a required parameter in APPPATH\Models\Default_model.php on line 138.
 1 SYSTEMPATH\Autoloader\Autoloader.php(314): include_once('C:\\xampp\\htdocs\\new-task\\system\\Debug\\Exceptions.php')
 2 SYSTEMPATH\Autoloader\Autoloader.php(291): CodeIgniter\Autoloader\Autoloader->includeFile('C:\\xampp\\htdocs\\new-task\\app\\Models\\Default_model.php')
 3 SYSTEMPATH\Autoloader\Autoloader.php(269): CodeIgniter\Autoloader\Autoloader->loadInNamespace('App\\Models\\Default_model')
 4 APPPATH\Controllers\taskcontroller.php(12): CodeIgniter\Autoloader\Autoloader->loadClass('App\\Models\\Default_model')
 5 SYSTEMPATH\CodeIgniter.php(904): App\Controllers\taskcontroller->__construct()
 6 SYSTEMPATH\CodeIgniter.php(488): CodeIgniter\CodeIgniter->createController()
 7 SYSTEMPATH\CodeIgniter.php(366): CodeIgniter\CodeIgniter->handleRequest(null, Object(Config\Cache), false)
 8 FCPATH\index.php(67): CodeIgniter\CodeIgniter->run()
WARNING - 2023-10-18 04:31:25 --> [DEPRECATED] Creation of dynamic property App\Controllers\taskcontroller::$Default_model is deprecated in APPPATH\Controllers\taskcontroller.php on line 12.
 1 SYSTEMPATH\CodeIgniter.php(904): App\Controllers\taskcontroller->__construct()
 2 SYSTEMPATH\CodeIgniter.php(488): CodeIgniter\CodeIgniter->createController()
 3 SYSTEMPATH\CodeIgniter.php(366): CodeIgniter\CodeIgniter->handleRequest(null, Object(Config\Cache), false)
 4 FCPATH\index.php(67): CodeIgniter\CodeIgniter->run()
INFO - 2023-10-18 04:31:25 --> Session: Class initialized using 'CodeIgniter\Session\Handlers\FileHandler' driver.
WARNING - 2023-10-18 04:31:25 --> [DEPRECATED] Creation of dynamic property App\Controllers\taskcontroller::$session is deprecated in APPPATH\Controllers\taskcontroller.php on line 13.
 1 SYSTEMPATH\CodeIgniter.php(904): App\Controllers\taskcontroller->__construct()
 2 SYSTEMPATH\CodeIgniter.php(488): CodeIgniter\CodeIgniter->createController()
 3 SYSTEMPATH\CodeIgniter.php(366): CodeIgniter\CodeIgniter->handleRequest(null, Object(Config\Cache), false)
 4 FCPATH\index.php(67): CodeIgniter\CodeIgniter->run()
WARNING - 2023-10-18 04:31:30 --> [DEPRECATED] Optional parameter $where declared before required parameter $data is implicitly treated as a required parameter in APPPATH\Models\Default_model.php on line 23.
 1 SYSTEMPATH\Autoloader\Autoloader.php(314): include_once('C:\\xampp\\htdocs\\new-task\\system\\Debug\\Exceptions.php')
 2 SYSTEMPATH\Autoloader\Autoloader.php(291): CodeIgniter\Autoloader\Autoloader->includeFile('C:\\xampp\\htdocs\\new-task\\app\\Models\\Default_model.php')
 3 SYSTEMPATH\Autoloader\Autoloader.php(269): CodeIgniter\Autoloader\Autoloader->loadInNamespace('App\\Models\\Default_model')
 4 APPPATH\Controllers\taskcontroller.php(12): CodeIgniter\Autoloader\Autoloader->loadClass('App\\Models\\Default_model')
 5 SYSTEMPATH\CodeIgniter.php(904): App\Controllers\taskcontroller->__construct()
 6 SYSTEMPATH\CodeIgniter.php(488): CodeIgniter\CodeIgniter->createController()
 7 SYSTEMPATH\CodeIgniter.php(366): CodeIgniter\CodeIgniter->handleRequest(null, Object(Config\Cache), false)
 8 FCPATH\index.php(67): CodeIgniter\CodeIgniter->run()
WARNING - 2023-10-18 04:31:30 --> [DEPRECATED] Optional parameter $whereValue declared before required parameter $data is implicitly treated as a required parameter in APPPATH\Models\Default_model.php on line 0.
 1 SYSTEMPATH\Autoloader\Autoloader.php(314): include_once('C:\\xampp\\htdocs\\new-task\\system\\Debug\\Exceptions.php')
 2 SYSTEMPATH\Autoloader\Autoloader.php(291): CodeIgniter\Autoloader\Autoloader->includeFile('C:\\xampp\\htdocs\\new-task\\app\\Models\\Default_model.php')
 3 SYSTEMPATH\Autoloader\Autoloader.php(269): CodeIgniter\Autoloader\Autoloader->loadInNamespace('App\\Models\\Default_model')
 4 APPPATH\Controllers\taskcontroller.php(12): CodeIgniter\Autoloader\Autoloader->loadClass('App\\Models\\Default_model')
 5 SYSTEMPATH\CodeIgniter.php(904): App\Controllers\taskcontroller->__construct()
 6 SYSTEMPATH\CodeIgniter.php(488): CodeIgniter\CodeIgniter->createController()
 7 SYSTEMPATH\CodeIgniter.php(366): CodeIgniter\CodeIgniter->handleRequest(null, Object(Config\Cache), false)
 8 FCPATH\index.php(67): CodeIgniter\CodeIgniter->run()
WARNING - 2023-10-18 04:31:30 --> [DEPRECATED] Optional parameter $select declared before required parameter $limit is implicitly treated as a required parameter in APPPATH\Models\Default_model.php on line 138.
 1 SYSTEMPATH\Autoloader\Autoloader.php(314): include_once('C:\\xampp\\htdocs\\new-task\\system\\Debug\\Exceptions.php')
 2 SYSTEMPATH\Autoloader\Autoloader.php(291): CodeIgniter\Autoloader\Autoloader->includeFile('C:\\xampp\\htdocs\\new-task\\app\\Models\\Default_model.php')
 3 SYSTEMPATH\Autoloader\Autoloader.php(269): CodeIgniter\Autoloader\Autoloader->loadInNamespace('App\\Models\\Default_model')
 4 APPPATH\Controllers\taskcontroller.php(12): CodeIgniter\Autoloader\Autoloader->loadClass('App\\Models\\Default_model')
 5 SYSTEMPATH\CodeIgniter.php(904): App\Controllers\taskcontroller->__construct()
 6 SYSTEMPATH\CodeIgniter.php(488): CodeIgniter\CodeIgniter->createController()
 7 SYSTEMPATH\CodeIgniter.php(366): CodeIgniter\CodeIgniter->handleRequest(null, Object(Config\Cache), false)
 8 FCPATH\index.php(67): CodeIgniter\CodeIgniter->run()
WARNING - 2023-10-18 04:31:30 --> [DEPRECATED] Creation of dynamic property App\Controllers\taskcontroller::$Default_model is deprecated in APPPATH\Controllers\taskcontroller.php on line 12.
 1 SYSTEMPATH\CodeIgniter.php(904): App\Controllers\taskcontroller->__construct()
 2 SYSTEMPATH\CodeIgniter.php(488): CodeIgniter\CodeIgniter->createController()
 3 SYSTEMPATH\CodeIgniter.php(366): CodeIgniter\CodeIgniter->handleRequest(null, Object(Config\Cache), false)
 4 FCPATH\index.php(67): CodeIgniter\CodeIgniter->run()
INFO - 2023-10-18 04:31:30 --> Session: Class initialized using 'CodeIgniter\Session\Handlers\FileHandler' driver.
WARNING - 2023-10-18 04:31:30 --> [DEPRECATED] Creation of dynamic property App\Controllers\taskcontroller::$session is deprecated in APPPATH\Controllers\taskcontroller.php on line 13.
 1 SYSTEMPATH\CodeIgniter.php(904): App\Controllers\taskcontroller->__construct()
 2 SYSTEMPATH\CodeIgniter.php(488): CodeIgniter\CodeIgniter->createController()
 3 SYSTEMPATH\CodeIgniter.php(366): CodeIgniter\CodeIgniter->handleRequest(null, Object(Config\Cache), false)
 4 FCPATH\index.php(67): CodeIgniter\CodeIgniter->run()
WARNING - 2023-10-18 04:31:58 --> [DEPRECATED] Optional parameter $where declared before required parameter $data is implicitly treated as a required parameter in APPPATH\Models\Default_model.php on line 23.
 1 SYSTEMPATH\Autoloader\Autoloader.php(314): include_once('C:\\xampp\\htdocs\\new-task\\system\\Debug\\Exceptions.php')
 2 SYSTEMPATH\Autoloader\Autoloader.php(291): CodeIgniter\Autoloader\Autoloader->includeFile('C:\\xampp\\htdocs\\new-task\\app\\Models\\Default_model.php')
 3 SYSTEMPATH\Autoloader\Autoloader.php(269): CodeIgniter\Autoloader\Autoloader->loadInNamespace('App\\Models\\Default_model')
 4 APPPATH\Controllers\taskcontroller.php(12): CodeIgniter\Autoloader\Autoloader->loadClass('App\\Models\\Default_model')
 5 SYSTEMPATH\CodeIgniter.php(904): App\Controllers\taskcontroller->__construct()
 6 SYSTEMPATH\CodeIgniter.php(488): CodeIgniter\CodeIgniter->createController()
 7 SYSTEMPATH\CodeIgniter.php(366): CodeIgniter\CodeIgniter->handleRequest(null, Object(Config\Cache), false)
 8 FCPATH\index.php(67): CodeIgniter\CodeIgniter->run()
WARNING - 2023-10-18 04:31:58 --> [DEPRECATED] Optional parameter $whereValue declared before required parameter $data is implicitly treated as a required parameter in APPPATH\Models\Default_model.php on line 0.
 1 SYSTEMPATH\Autoloader\Autoloader.php(314): include_once('C:\\xampp\\htdocs\\new-task\\system\\Debug\\Exceptions.php')
 2 SYSTEMPATH\Autoloader\Autoloader.php(291): CodeIgniter\Autoloader\Autoloader->includeFile('C:\\xampp\\htdocs\\new-task\\app\\Models\\Default_model.php')
 3 SYSTEMPATH\Autoloader\Autoloader.php(269): CodeIgniter\Autoloader\Autoloader->loadInNamespace('App\\Models\\Default_model')
 4 APPPATH\Controllers\taskcontroller.php(12): CodeIgniter\Autoloader\Autoloader->loadClass('App\\Models\\Default_model')
 5 SYSTEMPATH\CodeIgniter.php(904): App\Controllers\taskcontroller->__construct()
 6 SYSTEMPATH\CodeIgniter.php(488): CodeIgniter\CodeIgniter->createController()
 7 SYSTEMPATH\CodeIgniter.php(366): CodeIgniter\CodeIgniter->handleRequest(null, Object(Config\Cache), false)
 8 FCPATH\index.php(67): CodeIgniter\CodeIgniter->run()
WARNING - 2023-10-18 04:31:58 --> [DEPRECATED] Optional parameter $select declared before required parameter $limit is implicitly treated as a required parameter in APPPATH\Models\Default_model.php on line 138.
 1 SYSTEMPATH\Autoloader\Autoloader.php(314): include_once('C:\\xampp\\htdocs\\new-task\\system\\Debug\\Exceptions.php')
 2 SYSTEMPATH\Autoloader\Autoloader.php(291): CodeIgniter\Autoloader\Autoloader->includeFile('C:\\xampp\\htdocs\\new-task\\app\\Models\\Default_model.php')
 3 SYSTEMPATH\Autoloader\Autoloader.php(269): CodeIgniter\Autoloader\Autoloader->loadInNamespace('App\\Models\\Default_model')
 4 APPPATH\Controllers\taskcontroller.php(12): CodeIgniter\Autoloader\Autoloader->loadClass('App\\Models\\Default_model')
 5 SYSTEMPATH\CodeIgniter.php(904): App\Controllers\taskcontroller->__construct()
 6 SYSTEMPATH\CodeIgniter.php(488): CodeIgniter\CodeIgniter->createController()
 7 SYSTEMPATH\CodeIgniter.php(366): CodeIgniter\CodeIgniter->handleRequest(null, Object(Config\Cache), false)
 8 FCPATH\index.php(67): CodeIgniter\CodeIgniter->run()
WARNING - 2023-10-18 04:31:58 --> [DEPRECATED] Creation of dynamic property App\Controllers\taskcontroller::$Default_model is deprecated in APPPATH\Controllers\taskcontroller.php on line 12.
 1 SYSTEMPATH\CodeIgniter.php(904): App\Controllers\taskcontroller->__construct()
 2 SYSTEMPATH\CodeIgniter.php(488): CodeIgniter\CodeIgniter->createController()
 3 SYSTEMPATH\CodeIgniter.php(366): CodeIgniter\CodeIgniter->handleRequest(null, Object(Config\Cache), false)
 4 FCPATH\index.php(67): CodeIgniter\CodeIgniter->run()
INFO - 2023-10-18 04:31:58 --> Session: Class initialized using 'CodeIgniter\Session\Handlers\FileHandler' driver.
WARNING - 2023-10-18 04:31:58 --> [DEPRECATED] Creation of dynamic property App\Controllers\taskcontroller::$session is deprecated in APPPATH\Controllers\taskcontroller.php on line 13.
 1 SYSTEMPATH\CodeIgniter.php(904): App\Controllers\taskcontroller->__construct()
 2 SYSTEMPATH\CodeIgniter.php(488): CodeIgniter\CodeIgniter->createController()
 3 SYSTEMPATH\CodeIgniter.php(366): CodeIgniter\CodeIgniter->handleRequest(null, Object(Config\Cache), false)
 4 FCPATH\index.php(67): CodeIgniter\CodeIgniter->run()
WARNING - 2023-10-18 04:32:00 --> [DEPRECATED] Optional parameter $where declared before required parameter $data is implicitly treated as a required parameter in APPPATH\Models\Default_model.php on line 23.
 1 SYSTEMPATH\Autoloader\Autoloader.php(314): include_once('C:\\xampp\\htdocs\\new-task\\system\\Debug\\Exceptions.php')
 2 SYSTEMPATH\Autoloader\Autoloader.php(291): CodeIgniter\Autoloader\Autoloader->includeFile('C:\\xampp\\htdocs\\new-task\\app\\Models\\Default_model.php')
 3 SYSTEMPATH\Autoloader\Autoloader.php(269): CodeIgniter\Autoloader\Autoloader->loadInNamespace('App\\Models\\Default_model')
 4 APPPATH\Controllers\taskcontroller.php(12): CodeIgniter\Autoloader\Autoloader->loadClass('App\\Models\\Default_model')
 5 SYSTEMPATH\CodeIgniter.php(904): App\Controllers\taskcontroller->__construct()
 6 SYSTEMPATH\CodeIgniter.php(488): CodeIgniter\CodeIgniter->createController()
 7 SYSTEMPATH\CodeIgniter.php(366): CodeIgniter\CodeIgniter->handleRequest(null, Object(Config\Cache), false)
 8 FCPATH\index.php(67): CodeIgniter\CodeIgniter->run()
WARNING - 2023-10-18 04:32:00 --> [DEPRECATED] Optional parameter $whereValue declared before required parameter $data is implicitly treated as a required parameter in APPPATH\Models\Default_model.php on line 0.
 1 SYSTEMPATH\Autoloader\Autoloader.php(314): include_once('C:\\xampp\\htdocs\\new-task\\system\\Debug\\Exceptions.php')
 2 SYSTEMPATH\Autoloader\Autoloader.php(291): CodeIgniter\Autoloader\Autoloader->includeFile('C:\\xampp\\htdocs\\new-task\\app\\Models\\Default_model.php')
 3 SYSTEMPATH\Autoloader\Autoloader.php(269): CodeIgniter\Autoloader\Autoloader->loadInNamespace('App\\Models\\Default_model')
 4 APPPATH\Controllers\taskcontroller.php(12): CodeIgniter\Autoloader\Autoloader->loadClass('App\\Models\\Default_model')
 5 SYSTEMPATH\CodeIgniter.php(904): App\Controllers\taskcontroller->__construct()
 6 SYSTEMPATH\CodeIgniter.php(488): CodeIgniter\CodeIgniter->createController()
 7 SYSTEMPATH\CodeIgniter.php(366): CodeIgniter\CodeIgniter->handleRequest(null, Object(Config\Cache), false)
 8 FCPATH\index.php(67): CodeIgniter\CodeIgniter->run()
WARNING - 2023-10-18 04:32:00 --> [DEPRECATED] Optional parameter $select declared before required parameter $limit is implicitly treated as a required parameter in APPPATH\Models\Default_model.php on line 138.
 1 SYSTEMPATH\Autoloader\Autoloader.php(314): include_once('C:\\xampp\\htdocs\\new-task\\system\\Debug\\Exceptions.php')
 2 SYSTEMPATH\Autoloader\Autoloader.php(291): CodeIgniter\Autoloader\Autoloader->includeFile('C:\\xampp\\htdocs\\new-task\\app\\Models\\Default_model.php')
 3 SYSTEMPATH\Autoloader\Autoloader.php(269): CodeIgniter\Autoloader\Autoloader->loadInNamespace('App\\Models\\Default_model')
 4 APPPATH\Controllers\taskcontroller.php(12): CodeIgniter\Autoloader\Autoloader->loadClass('App\\Models\\Default_model')
 5 SYSTEMPATH\CodeIgniter.php(904): App\Controllers\taskcontroller->__construct()
 6 SYSTEMPATH\CodeIgniter.php(488): CodeIgniter\CodeIgniter->createController()
 7 SYSTEMPATH\CodeIgniter.php(366): CodeIgniter\CodeIgniter->handleRequest(null, Object(Config\Cache), false)
 8 FCPATH\index.php(67): CodeIgniter\CodeIgniter->run()
WARNING - 2023-10-18 04:32:00 --> [DEPRECATED] Creation of dynamic property App\Controllers\taskcontroller::$Default_model is deprecated in APPPATH\Controllers\taskcontroller.php on line 12.
 1 SYSTEMPATH\CodeIgniter.php(904): App\Controllers\taskcontroller->__construct()
 2 SYSTEMPATH\CodeIgniter.php(488): CodeIgniter\CodeIgniter->createController()
 3 SYSTEMPATH\CodeIgniter.php(366): CodeIgniter\CodeIgniter->handleRequest(null, Object(Config\Cache), false)
 4 FCPATH\index.php(67): CodeIgniter\CodeIgniter->run()
INFO - 2023-10-18 04:32:00 --> Session: Class initialized using 'CodeIgniter\Session\Handlers\FileHandler' driver.
WARNING - 2023-10-18 04:32:00 --> [DEPRECATED] Creation of dynamic property App\Controllers\taskcontroller::$session is deprecated in APPPATH\Controllers\taskcontroller.php on line 13.
 1 SYSTEMPATH\CodeIgniter.php(904): App\Controllers\taskcontroller->__construct()
 2 SYSTEMPATH\CodeIgniter.php(488): CodeIgniter\CodeIgniter->createController()
 3 SYSTEMPATH\CodeIgniter.php(366): CodeIgniter\CodeIgniter->handleRequest(null, Object(Config\Cache), false)
 4 FCPATH\index.php(67): CodeIgniter\CodeIgniter->run()
WARNING - 2023-10-18 04:32:02 --> [DEPRECATED] Optional parameter $where declared before required parameter $data is implicitly treated as a required parameter in APPPATH\Models\Default_model.php on line 23.
 1 SYSTEMPATH\Autoloader\Autoloader.php(314): include_once('C:\\xampp\\htdocs\\new-task\\system\\Debug\\Exceptions.php')
 2 SYSTEMPATH\Autoloader\Autoloader.php(291): CodeIgniter\Autoloader\Autoloader->includeFile('C:\\xampp\\htdocs\\new-task\\app\\Models\\Default_model.php')
 3 SYSTEMPATH\Autoloader\Autoloader.php(269): CodeIgniter\Autoloader\Autoloader->loadInNamespace('App\\Models\\Default_model')
 4 APPPATH\Controllers\taskcontroller.php(12): CodeIgniter\Autoloader\Autoloader->loadClass('App\\Models\\Default_model')
 5 SYSTEMPATH\CodeIgniter.php(904): App\Controllers\taskcontroller->__construct()
 6 SYSTEMPATH\CodeIgniter.php(488): CodeIgniter\CodeIgniter->createController()
 7 SYSTEMPATH\CodeIgniter.php(366): CodeIgniter\CodeIgniter->handleRequest(null, Object(Config\Cache), false)
 8 FCPATH\index.php(67): CodeIgniter\CodeIgniter->run()
WARNING - 2023-10-18 04:32:02 --> [DEPRECATED] Optional parameter $whereValue declared before required parameter $data is implicitly treated as a required parameter in APPPATH\Models\Default_model.php on line 0.
 1 SYSTEMPATH\Autoloader\Autoloader.php(314): include_once('C:\\xampp\\htdocs\\new-task\\system\\Debug\\Exceptions.php')
 2 SYSTEMPATH\Autoloader\Autoloader.php(291): CodeIgniter\Autoloader\Autoloader->includeFile('C:\\xampp\\htdocs\\new-task\\app\\Models\\Default_model.php')
 3 SYSTEMPATH\Autoloader\Autoloader.php(269): CodeIgniter\Autoloader\Autoloader->loadInNamespace('App\\Models\\Default_model')
 4 APPPATH\Controllers\taskcontroller.php(12): CodeIgniter\Autoloader\Autoloader->loadClass('App\\Models\\Default_model')
 5 SYSTEMPATH\CodeIgniter.php(904): App\Controllers\taskcontroller->__construct()
 6 SYSTEMPATH\CodeIgniter.php(488): CodeIgniter\CodeIgniter->createController()
 7 SYSTEMPATH\CodeIgniter.php(366): CodeIgniter\CodeIgniter->handleRequest(null, Object(Config\Cache), false)
 8 FCPATH\index.php(67): CodeIgniter\CodeIgniter->run()
WARNING - 2023-10-18 04:32:02 --> [DEPRECATED] Optional parameter $select declared before required parameter $limit is implicitly treated as a required parameter in APPPATH\Models\Default_model.php on line 138.
 1 SYSTEMPATH\Autoloader\Autoloader.php(314): include_once('C:\\xampp\\htdocs\\new-task\\system\\Debug\\Exceptions.php')
 2 SYSTEMPATH\Autoloader\Autoloader.php(291): CodeIgniter\Autoloader\Autoloader->includeFile('C:\\xampp\\htdocs\\new-task\\app\\Models\\Default_model.php')
 3 SYSTEMPATH\Autoloader\Autoloader.php(269): CodeIgniter\Autoloader\Autoloader->loadInNamespace('App\\Models\\Default_model')
 4 APPPATH\Controllers\taskcontroller.php(12): CodeIgniter\Autoloader\Autoloader->loadClass('App\\Models\\Default_model')
 5 SYSTEMPATH\CodeIgniter.php(904): App\Controllers\taskcontroller->__construct()
 6 SYSTEMPATH\CodeIgniter.php(488): CodeIgniter\CodeIgniter->createController()
 7 SYSTEMPATH\CodeIgniter.php(366): CodeIgniter\CodeIgniter->handleRequest(null, Object(Config\Cache), false)
 8 FCPATH\index.php(67): CodeIgniter\CodeIgniter->run()
WARNING - 2023-10-18 04:32:02 --> [DEPRECATED] Creation of dynamic property App\Controllers\taskcontroller::$Default_model is deprecated in APPPATH\Controllers\taskcontroller.php on line 12.
 1 SYSTEMPATH\CodeIgniter.php(904): App\Controllers\taskcontroller->__construct()
 2 SYSTEMPATH\CodeIgniter.php(488): CodeIgniter\CodeIgniter->createController()
 3 SYSTEMPATH\CodeIgniter.php(366): CodeIgniter\CodeIgniter->handleRequest(null, Object(Config\Cache), false)
 4 FCPATH\index.php(67): CodeIgniter\CodeIgniter->run()
INFO - 2023-10-18 04:32:02 --> Session: Class initialized using 'CodeIgniter\Session\Handlers\FileHandler' driver.
WARNING - 2023-10-18 04:32:02 --> [DEPRECATED] Creation of dynamic property App\Controllers\taskcontroller::$session is deprecated in APPPATH\Controllers\taskcontroller.php on line 13.
 1 SYSTEMPATH\CodeIgniter.php(904): App\Controllers\taskcontroller->__construct()
 2 SYSTEMPATH\CodeIgniter.php(488): CodeIgniter\CodeIgniter->createController()
 3 SYSTEMPATH\CodeIgniter.php(366): CodeIgniter\CodeIgniter->handleRequest(null, Object(Config\Cache), false)
 4 FCPATH\index.php(67): CodeIgniter\CodeIgniter->run()
WARNING - 2023-10-18 04:32:03 --> [DEPRECATED] Optional parameter $where declared before required parameter $data is implicitly treated as a required parameter in APPPATH\Models\Default_model.php on line 23.
 1 SYSTEMPATH\Autoloader\Autoloader.php(314): include_once('C:\\xampp\\htdocs\\new-task\\system\\Debug\\Exceptions.php')
 2 SYSTEMPATH\Autoloader\Autoloader.php(291): CodeIgniter\Autoloader\Autoloader->includeFile('C:\\xampp\\htdocs\\new-task\\app\\Models\\Default_model.php')
 3 SYSTEMPATH\Autoloader\Autoloader.php(269): CodeIgniter\Autoloader\Autoloader->loadInNamespace('App\\Models\\Default_model')
 4 APPPATH\Controllers\taskcontroller.php(12): CodeIgniter\Autoloader\Autoloader->loadClass('App\\Models\\Default_model')
 5 SYSTEMPATH\CodeIgniter.php(904): App\Controllers\taskcontroller->__construct()
 6 SYSTEMPATH\CodeIgniter.php(488): CodeIgniter\CodeIgniter->createController()
 7 SYSTEMPATH\CodeIgniter.php(366): CodeIgniter\CodeIgniter->handleRequest(null, Object(Config\Cache), false)
 8 FCPATH\index.php(67): CodeIgniter\CodeIgniter->run()
WARNING - 2023-10-18 04:32:03 --> [DEPRECATED] Optional parameter $whereValue declared before required parameter $data is implicitly treated as a required parameter in APPPATH\Models\Default_model.php on line 0.
 1 SYSTEMPATH\Autoloader\Autoloader.php(314): include_once('C:\\xampp\\htdocs\\new-task\\system\\Debug\\Exceptions.php')
 2 SYSTEMPATH\Autoloader\Autoloader.php(291): CodeIgniter\Autoloader\Autoloader->includeFile('C:\\xampp\\htdocs\\new-task\\app\\Models\\Default_model.php')
 3 SYSTEMPATH\Autoloader\Autoloader.php(269): CodeIgniter\Autoloader\Autoloader->loadInNamespace('App\\Models\\Default_model')
 4 APPPATH\Controllers\taskcontroller.php(12): CodeIgniter\Autoloader\Autoloader->loadClass('App\\Models\\Default_model')
 5 SYSTEMPATH\CodeIgniter.php(904): App\Controllers\taskcontroller->__construct()
 6 SYSTEMPATH\CodeIgniter.php(488): CodeIgniter\CodeIgniter->createController()
 7 SYSTEMPATH\CodeIgniter.php(366): CodeIgniter\CodeIgniter->handleRequest(null, Object(Config\Cache), false)
 8 FCPATH\index.php(67): CodeIgniter\CodeIgniter->run()
WARNING - 2023-10-18 04:32:03 --> [DEPRECATED] Optional parameter $select declared before required parameter $limit is implicitly treated as a required parameter in APPPATH\Models\Default_model.php on line 138.
 1 SYSTEMPATH\Autoloader\Autoloader.php(314): include_once('C:\\xampp\\htdocs\\new-task\\system\\Debug\\Exceptions.php')
 2 SYSTEMPATH\Autoloader\Autoloader.php(291): CodeIgniter\Autoloader\Autoloader->includeFile('C:\\xampp\\htdocs\\new-task\\app\\Models\\Default_model.php')
 3 SYSTEMPATH\Autoloader\Autoloader.php(269): CodeIgniter\Autoloader\Autoloader->loadInNamespace('App\\Models\\Default_model')
 4 APPPATH\Controllers\taskcontroller.php(12): CodeIgniter\Autoloader\Autoloader->loadClass('App\\Models\\Default_model')
 5 SYSTEMPATH\CodeIgniter.php(904): App\Controllers\taskcontroller->__construct()
 6 SYSTEMPATH\CodeIgniter.php(488): CodeIgniter\CodeIgniter->createController()
 7 SYSTEMPATH\CodeIgniter.php(366): CodeIgniter\CodeIgniter->handleRequest(null, Object(Config\Cache), false)
 8 FCPATH\index.php(67): CodeIgniter\CodeIgniter->run()
WARNING - 2023-10-18 04:32:03 --> [DEPRECATED] Creation of dynamic property App\Controllers\taskcontroller::$Default_model is deprecated in APPPATH\Controllers\taskcontroller.php on line 12.
 1 SYSTEMPATH\CodeIgniter.php(904): App\Controllers\taskcontroller->__construct()
 2 SYSTEMPATH\CodeIgniter.php(488): CodeIgniter\CodeIgniter->createController()
 3 SYSTEMPATH\CodeIgniter.php(366): CodeIgniter\CodeIgniter->handleRequest(null, Object(Config\Cache), false)
 4 FCPATH\index.php(67): CodeIgniter\CodeIgniter->run()
INFO - 2023-10-18 04:32:03 --> Session: Class initialized using 'CodeIgniter\Session\Handlers\FileHandler' driver.
WARNING - 2023-10-18 04:32:03 --> [DEPRECATED] Creation of dynamic property App\Controllers\taskcontroller::$session is deprecated in APPPATH\Controllers\taskcontroller.php on line 13.
 1 SYSTEMPATH\CodeIgniter.php(904): App\Controllers\taskcontroller->__construct()
 2 SYSTEMPATH\CodeIgniter.php(488): CodeIgniter\CodeIgniter->createController()
 3 SYSTEMPATH\CodeIgniter.php(366): CodeIgniter\CodeIgniter->handleRequest(null, Object(Config\Cache), false)
 4 FCPATH\index.php(67): CodeIgniter\CodeIgniter->run()
WARNING - 2023-10-18 04:32:06 --> [DEPRECATED] Optional parameter $where declared before required parameter $data is implicitly treated as a required parameter in APPPATH\Models\Default_model.php on line 23.
 1 SYSTEMPATH\Autoloader\Autoloader.php(314): include_once('C:\\xampp\\htdocs\\new-task\\system\\Debug\\Exceptions.php')
 2 SYSTEMPATH\Autoloader\Autoloader.php(291): CodeIgniter\Autoloader\Autoloader->includeFile('C:\\xampp\\htdocs\\new-task\\app\\Models\\Default_model.php')
 3 SYSTEMPATH\Autoloader\Autoloader.php(269): CodeIgniter\Autoloader\Autoloader->loadInNamespace('App\\Models\\Default_model')
 4 APPPATH\Controllers\taskcontroller.php(12): CodeIgniter\Autoloader\Autoloader->loadClass('App\\Models\\Default_model')
 5 SYSTEMPATH\CodeIgniter.php(904): App\Controllers\taskcontroller->__construct()
 6 SYSTEMPATH\CodeIgniter.php(488): CodeIgniter\CodeIgniter->createController()
 7 SYSTEMPATH\CodeIgniter.php(366): CodeIgniter\CodeIgniter->handleRequest(null, Object(Config\Cache), false)
 8 FCPATH\index.php(67): CodeIgniter\CodeIgniter->run()
WARNING - 2023-10-18 04:32:06 --> [DEPRECATED] Optional parameter $whereValue declared before required parameter $data is implicitly treated as a required parameter in APPPATH\Models\Default_model.php on line 0.
 1 SYSTEMPATH\Autoloader\Autoloader.php(314): include_once('C:\\xampp\\htdocs\\new-task\\system\\Debug\\Exceptions.php')
 2 SYSTEMPATH\Autoloader\Autoloader.php(291): CodeIgniter\Autoloader\Autoloader->includeFile('C:\\xampp\\htdocs\\new-task\\app\\Models\\Default_model.php')
 3 SYSTEMPATH\Autoloader\Autoloader.php(269): CodeIgniter\Autoloader\Autoloader->loadInNamespace('App\\Models\\Default_model')
 4 APPPATH\Controllers\taskcontroller.php(12): CodeIgniter\Autoloader\Autoloader->loadClass('App\\Models\\Default_model')
 5 SYSTEMPATH\CodeIgniter.php(904): App\Controllers\taskcontroller->__construct()
 6 SYSTEMPATH\CodeIgniter.php(488): CodeIgniter\CodeIgniter->createController()
 7 SYSTEMPATH\CodeIgniter.php(366): CodeIgniter\CodeIgniter->handleRequest(null, Object(Config\Cache), false)
 8 FCPATH\index.php(67): CodeIgniter\CodeIgniter->run()
WARNING - 2023-10-18 04:32:06 --> [DEPRECATED] Optional parameter $select declared before required parameter $limit is implicitly treated as a required parameter in APPPATH\Models\Default_model.php on line 138.
 1 SYSTEMPATH\Autoloader\Autoloader.php(314): include_once('C:\\xampp\\htdocs\\new-task\\system\\Debug\\Exceptions.php')
 2 SYSTEMPATH\Autoloader\Autoloader.php(291): CodeIgniter\Autoloader\Autoloader->includeFile('C:\\xampp\\htdocs\\new-task\\app\\Models\\Default_model.php')
 3 SYSTEMPATH\Autoloader\Autoloader.php(269): CodeIgniter\Autoloader\Autoloader->loadInNamespace('App\\Models\\Default_model')
 4 APPPATH\Controllers\taskcontroller.php(12): CodeIgniter\Autoloader\Autoloader->loadClass('App\\Models\\Default_model')
 5 SYSTEMPATH\CodeIgniter.php(904): App\Controllers\taskcontroller->__construct()
 6 SYSTEMPATH\CodeIgniter.php(488): CodeIgniter\CodeIgniter->createController()
 7 SYSTEMPATH\CodeIgniter.php(366): CodeIgniter\CodeIgniter->handleRequest(null, Object(Config\Cache), false)
 8 FCPATH\index.php(67): CodeIgniter\CodeIgniter->run()
WARNING - 2023-10-18 04:32:06 --> [DEPRECATED] Creation of dynamic property App\Controllers\taskcontroller::$Default_model is deprecated in APPPATH\Controllers\taskcontroller.php on line 12.
 1 SYSTEMPATH\CodeIgniter.php(904): App\Controllers\taskcontroller->__construct()
 2 SYSTEMPATH\CodeIgniter.php(488): CodeIgniter\CodeIgniter->createController()
 3 SYSTEMPATH\CodeIgniter.php(366): CodeIgniter\CodeIgniter->handleRequest(null, Object(Config\Cache), false)
 4 FCPATH\index.php(67): CodeIgniter\CodeIgniter->run()
INFO - 2023-10-18 04:32:06 --> Session: Class initialized using 'CodeIgniter\Session\Handlers\FileHandler' driver.
WARNING - 2023-10-18 04:32:06 --> [DEPRECATED] Creation of dynamic property App\Controllers\taskcontroller::$session is deprecated in APPPATH\Controllers\taskcontroller.php on line 13.
 1 SYSTEMPATH\CodeIgniter.php(904): App\Controllers\taskcontroller->__construct()
 2 SYSTEMPATH\CodeIgniter.php(488): CodeIgniter\CodeIgniter->createController()
 3 SYSTEMPATH\CodeIgniter.php(366): CodeIgniter\CodeIgniter->handleRequest(null, Object(Config\Cache), false)
 4 FCPATH\index.php(67): CodeIgniter\CodeIgniter->run()
WARNING - 2023-10-18 04:32:08 --> [DEPRECATED] Optional parameter $where declared before required parameter $data is implicitly treated as a required parameter in APPPATH\Models\Default_model.php on line 23.
 1 SYSTEMPATH\Autoloader\Autoloader.php(314): include_once('C:\\xampp\\htdocs\\new-task\\system\\Debug\\Exceptions.php')
 2 SYSTEMPATH\Autoloader\Autoloader.php(291): CodeIgniter\Autoloader\Autoloader->includeFile('C:\\xampp\\htdocs\\new-task\\app\\Models\\Default_model.php')
 3 SYSTEMPATH\Autoloader\Autoloader.php(269): CodeIgniter\Autoloader\Autoloader->loadInNamespace('App\\Models\\Default_model')
 4 APPPATH\Controllers\taskcontroller.php(12): CodeIgniter\Autoloader\Autoloader->loadClass('App\\Models\\Default_model')
 5 SYSTEMPATH\CodeIgniter.php(904): App\Controllers\taskcontroller->__construct()
 6 SYSTEMPATH\CodeIgniter.php(488): CodeIgniter\CodeIgniter->createController()
 7 SYSTEMPATH\CodeIgniter.php(366): CodeIgniter\CodeIgniter->handleRequest(null, Object(Config\Cache), false)
 8 FCPATH\index.php(67): CodeIgniter\CodeIgniter->run()
WARNING - 2023-10-18 04:32:08 --> [DEPRECATED] Optional parameter $whereValue declared before required parameter $data is implicitly treated as a required parameter in APPPATH\Models\Default_model.php on line 0.
 1 SYSTEMPATH\Autoloader\Autoloader.php(314): include_once('C:\\xampp\\htdocs\\new-task\\system\\Debug\\Exceptions.php')
 2 SYSTEMPATH\Autoloader\Autoloader.php(291): CodeIgniter\Autoloader\Autoloader->includeFile('C:\\xampp\\htdocs\\new-task\\app\\Models\\Default_model.php')
 3 SYSTEMPATH\Autoloader\Autoloader.php(269): CodeIgniter\Autoloader\Autoloader->loadInNamespace('App\\Models\\Default_model')
 4 APPPATH\Controllers\taskcontroller.php(12): CodeIgniter\Autoloader\Autoloader->loadClass('App\\Models\\Default_model')
 5 SYSTEMPATH\CodeIgniter.php(904): App\Controllers\taskcontroller->__construct()
 6 SYSTEMPATH\CodeIgniter.php(488): CodeIgniter\CodeIgniter->createController()
 7 SYSTEMPATH\CodeIgniter.php(366): CodeIgniter\CodeIgniter->handleRequest(null, Object(Config\Cache), false)
 8 FCPATH\index.php(67): CodeIgniter\CodeIgniter->run()
WARNING - 2023-10-18 04:32:08 --> [DEPRECATED] Optional parameter $select declared before required parameter $limit is implicitly treated as a required parameter in APPPATH\Models\Default_model.php on line 138.
 1 SYSTEMPATH\Autoloader\Autoloader.php(314): include_once('C:\\xampp\\htdocs\\new-task\\system\\Debug\\Exceptions.php')
 2 SYSTEMPATH\Autoloader\Autoloader.php(291): CodeIgniter\Autoloader\Autoloader->includeFile('C:\\xampp\\htdocs\\new-task\\app\\Models\\Default_model.php')
 3 SYSTEMPATH\Autoloader\Autoloader.php(269): CodeIgniter\Autoloader\Autoloader->loadInNamespace('App\\Models\\Default_model')
 4 APPPATH\Controllers\taskcontroller.php(12): CodeIgniter\Autoloader\Autoloader->loadClass('App\\Models\\Default_model')
 5 SYSTEMPATH\CodeIgniter.php(904): App\Controllers\taskcontroller->__construct()
 6 SYSTEMPATH\CodeIgniter.php(488): CodeIgniter\CodeIgniter->createController()
 7 SYSTEMPATH\CodeIgniter.php(366): CodeIgniter\CodeIgniter->handleRequest(null, Object(Config\Cache), false)
 8 FCPATH\index.php(67): CodeIgniter\CodeIgniter->run()
WARNING - 2023-10-18 04:32:08 --> [DEPRECATED] Creation of dynamic property App\Controllers\taskcontroller::$Default_model is deprecated in APPPATH\Controllers\taskcontroller.php on line 12.
 1 SYSTEMPATH\CodeIgniter.php(904): App\Controllers\taskcontroller->__construct()
 2 SYSTEMPATH\CodeIgniter.php(488): CodeIgniter\CodeIgniter->createController()
 3 SYSTEMPATH\CodeIgniter.php(366): CodeIgniter\CodeIgniter->handleRequest(null, Object(Config\Cache), false)
 4 FCPATH\index.php(67): CodeIgniter\CodeIgniter->run()
INFO - 2023-10-18 04:32:08 --> Session: Class initialized using 'CodeIgniter\Session\Handlers\FileHandler' driver.
WARNING - 2023-10-18 04:32:08 --> [DEPRECATED] Creation of dynamic property App\Controllers\taskcontroller::$session is deprecated in APPPATH\Controllers\taskcontroller.php on line 13.
 1 SYSTEMPATH\CodeIgniter.php(904): App\Controllers\taskcontroller->__construct()
 2 SYSTEMPATH\CodeIgniter.php(488): CodeIgniter\CodeIgniter->createController()
 3 SYSTEMPATH\CodeIgniter.php(366): CodeIgniter\CodeIgniter->handleRequest(null, Object(Config\Cache), false)
 4 FCPATH\index.php(67): CodeIgniter\CodeIgniter->run()
WARNING - 2023-10-18 04:32:14 --> [DEPRECATED] Optional parameter $where declared before required parameter $data is implicitly treated as a required parameter in APPPATH\Models\Default_model.php on line 23.
 1 SYSTEMPATH\Autoloader\Autoloader.php(314): include_once('C:\\xampp\\htdocs\\new-task\\system\\Debug\\Exceptions.php')
 2 SYSTEMPATH\Autoloader\Autoloader.php(291): CodeIgniter\Autoloader\Autoloader->includeFile('C:\\xampp\\htdocs\\new-task\\app\\Models\\Default_model.php')
 3 SYSTEMPATH\Autoloader\Autoloader.php(269): CodeIgniter\Autoloader\Autoloader->loadInNamespace('App\\Models\\Default_model')
 4 APPPATH\Controllers\taskcontroller.php(12): CodeIgniter\Autoloader\Autoloader->loadClass('App\\Models\\Default_model')
 5 SYSTEMPATH\CodeIgniter.php(904): App\Controllers\taskcontroller->__construct()
 6 SYSTEMPATH\CodeIgniter.php(488): CodeIgniter\CodeIgniter->createController()
 7 SYSTEMPATH\CodeIgniter.php(366): CodeIgniter\CodeIgniter->handleRequest(null, Object(Config\Cache), false)
 8 FCPATH\index.php(67): CodeIgniter\CodeIgniter->run()
WARNING - 2023-10-18 04:32:14 --> [DEPRECATED] Optional parameter $whereValue declared before required parameter $data is implicitly treated as a required parameter in APPPATH\Models\Default_model.php on line 0.
 1 SYSTEMPATH\Autoloader\Autoloader.php(314): include_once('C:\\xampp\\htdocs\\new-task\\system\\Debug\\Exceptions.php')
 2 SYSTEMPATH\Autoloader\Autoloader.php(291): CodeIgniter\Autoloader\Autoloader->includeFile('C:\\xampp\\htdocs\\new-task\\app\\Models\\Default_model.php')
 3 SYSTEMPATH\Autoloader\Autoloader.php(269): CodeIgniter\Autoloader\Autoloader->loadInNamespace('App\\Models\\Default_model')
 4 APPPATH\Controllers\taskcontroller.php(12): CodeIgniter\Autoloader\Autoloader->loadClass('App\\Models\\Default_model')
 5 SYSTEMPATH\CodeIgniter.php(904): App\Controllers\taskcontroller->__construct()
 6 SYSTEMPATH\CodeIgniter.php(488): CodeIgniter\CodeIgniter->createController()
 7 SYSTEMPATH\CodeIgniter.php(366): CodeIgniter\CodeIgniter->handleRequest(null, Object(Config\Cache), false)
 8 FCPATH\index.php(67): CodeIgniter\CodeIgniter->run()
WARNING - 2023-10-18 04:32:14 --> [DEPRECATED] Optional parameter $select declared before required parameter $limit is implicitly treated as a required parameter in APPPATH\Models\Default_model.php on line 138.
 1 SYSTEMPATH\Autoloader\Autoloader.php(314): include_once('C:\\xampp\\htdocs\\new-task\\system\\Debug\\Exceptions.php')
 2 SYSTEMPATH\Autoloader\Autoloader.php(291): CodeIgniter\Autoloader\Autoloader->includeFile('C:\\xampp\\htdocs\\new-task\\app\\Models\\Default_model.php')
 3 SYSTEMPATH\Autoloader\Autoloader.php(269): CodeIgniter\Autoloader\Autoloader->loadInNamespace('App\\Models\\Default_model')
 4 APPPATH\Controllers\taskcontroller.php(12): CodeIgniter\Autoloader\Autoloader->loadClass('App\\Models\\Default_model')
 5 SYSTEMPATH\CodeIgniter.php(904): App\Controllers\taskcontroller->__construct()
 6 SYSTEMPATH\CodeIgniter.php(488): CodeIgniter\CodeIgniter->createController()
 7 SYSTEMPATH\CodeIgniter.php(366): CodeIgniter\CodeIgniter->handleRequest(null, Object(Config\Cache), false)
 8 FCPATH\index.php(67): CodeIgniter\CodeIgniter->run()
WARNING - 2023-10-18 04:32:14 --> [DEPRECATED] Creation of dynamic property App\Controllers\taskcontroller::$Default_model is deprecated in APPPATH\Controllers\taskcontroller.php on line 12.
 1 SYSTEMPATH\CodeIgniter.php(904): App\Controllers\taskcontroller->__construct()
 2 SYSTEMPATH\CodeIgniter.php(488): CodeIgniter\CodeIgniter->createController()
 3 SYSTEMPATH\CodeIgniter.php(366): CodeIgniter\CodeIgniter->handleRequest(null, Object(Config\Cache), false)
 4 FCPATH\index.php(67): CodeIgniter\CodeIgniter->run()
INFO - 2023-10-18 04:32:14 --> Session: Class initialized using 'CodeIgniter\Session\Handlers\FileHandler' driver.
WARNING - 2023-10-18 04:32:14 --> [DEPRECATED] Creation of dynamic property App\Controllers\taskcontroller::$session is deprecated in APPPATH\Controllers\taskcontroller.php on line 13.
 1 SYSTEMPATH\CodeIgniter.php(904): App\Controllers\taskcontroller->__construct()
 2 SYSTEMPATH\CodeIgniter.php(488): CodeIgniter\CodeIgniter->createController()
 3 SYSTEMPATH\CodeIgniter.php(366): CodeIgniter\CodeIgniter->handleRequest(null, Object(Config\Cache), false)
 4 FCPATH\index.php(67): CodeIgniter\CodeIgniter->run()
WARNING - 2023-10-18 04:32:17 --> [DEPRECATED] Optional parameter $where declared before required parameter $data is implicitly treated as a required parameter in APPPATH\Models\Default_model.php on line 23.
 1 SYSTEMPATH\Autoloader\Autoloader.php(314): include_once('C:\\xampp\\htdocs\\new-task\\system\\Debug\\Exceptions.php')
 2 SYSTEMPATH\Autoloader\Autoloader.php(291): CodeIgniter\Autoloader\Autoloader->includeFile('C:\\xampp\\htdocs\\new-task\\app\\Models\\Default_model.php')
 3 SYSTEMPATH\Autoloader\Autoloader.php(269): CodeIgniter\Autoloader\Autoloader->loadInNamespace('App\\Models\\Default_model')
 4 APPPATH\Controllers\taskcontroller.php(12): CodeIgniter\Autoloader\Autoloader->loadClass('App\\Models\\Default_model')
 5 SYSTEMPATH\CodeIgniter.php(904): App\Controllers\taskcontroller->__construct()
 6 SYSTEMPATH\CodeIgniter.php(488): CodeIgniter\CodeIgniter->createController()
 7 SYSTEMPATH\CodeIgniter.php(366): CodeIgniter\CodeIgniter->handleRequest(null, Object(Config\Cache), false)
 8 FCPATH\index.php(67): CodeIgniter\CodeIgniter->run()
WARNING - 2023-10-18 04:32:17 --> [DEPRECATED] Optional parameter $whereValue declared before required parameter $data is implicitly treated as a required parameter in APPPATH\Models\Default_model.php on line 0.
 1 SYSTEMPATH\Autoloader\Autoloader.php(314): include_once('C:\\xampp\\htdocs\\new-task\\system\\Debug\\Exceptions.php')
 2 SYSTEMPATH\Autoloader\Autoloader.php(291): CodeIgniter\Autoloader\Autoloader->includeFile('C:\\xampp\\htdocs\\new-task\\app\\Models\\Default_model.php')
 3 SYSTEMPATH\Autoloader\Autoloader.php(269): CodeIgniter\Autoloader\Autoloader->loadInNamespace('App\\Models\\Default_model')
 4 APPPATH\Controllers\taskcontroller.php(12): CodeIgniter\Autoloader\Autoloader->loadClass('App\\Models\\Default_model')
 5 SYSTEMPATH\CodeIgniter.php(904): App\Controllers\taskcontroller->__construct()
 6 SYSTEMPATH\CodeIgniter.php(488): CodeIgniter\CodeIgniter->createController()
 7 SYSTEMPATH\CodeIgniter.php(366): CodeIgniter\CodeIgniter->handleRequest(null, Object(Config\Cache), false)
 8 FCPATH\index.php(67): CodeIgniter\CodeIgniter->run()
WARNING - 2023-10-18 04:32:17 --> [DEPRECATED] Optional parameter $select declared before required parameter $limit is implicitly treated as a required parameter in APPPATH\Models\Default_model.php on line 138.
 1 SYSTEMPATH\Autoloader\Autoloader.php(314): include_once('C:\\xampp\\htdocs\\new-task\\system\\Debug\\Exceptions.php')
 2 SYSTEMPATH\Autoloader\Autoloader.php(291): CodeIgniter\Autoloader\Autoloader->includeFile('C:\\xampp\\htdocs\\new-task\\app\\Models\\Default_model.php')
 3 SYSTEMPATH\Autoloader\Autoloader.php(269): CodeIgniter\Autoloader\Autoloader->loadInNamespace('App\\Models\\Default_model')
 4 APPPATH\Controllers\taskcontroller.php(12): CodeIgniter\Autoloader\Autoloader->loadClass('App\\Models\\Default_model')
 5 SYSTEMPATH\CodeIgniter.php(904): App\Controllers\taskcontroller->__construct()
 6 SYSTEMPATH\CodeIgniter.php(488): CodeIgniter\CodeIgniter->createController()
 7 SYSTEMPATH\CodeIgniter.php(366): CodeIgniter\CodeIgniter->handleRequest(null, Object(Config\Cache), false)
 8 FCPATH\index.php(67): CodeIgniter\CodeIgniter->run()
WARNING - 2023-10-18 04:32:17 --> [DEPRECATED] Creation of dynamic property App\Controllers\taskcontroller::$Default_model is deprecated in APPPATH\Controllers\taskcontroller.php on line 12.
 1 SYSTEMPATH\CodeIgniter.php(904): App\Controllers\taskcontroller->__construct()
 2 SYSTEMPATH\CodeIgniter.php(488): CodeIgniter\CodeIgniter->createController()
 3 SYSTEMPATH\CodeIgniter.php(366): CodeIgniter\CodeIgniter->handleRequest(null, Object(Config\Cache), false)
 4 FCPATH\index.php(67): CodeIgniter\CodeIgniter->run()
INFO - 2023-10-18 04:32:17 --> Session: Class initialized using 'CodeIgniter\Session\Handlers\FileHandler' driver.
WARNING - 2023-10-18 04:32:17 --> [DEPRECATED] Creation of dynamic property App\Controllers\taskcontroller::$session is deprecated in APPPATH\Controllers\taskcontroller.php on line 13.
 1 SYSTEMPATH\CodeIgniter.php(904): App\Controllers\taskcontroller->__construct()
 2 SYSTEMPATH\CodeIgniter.php(488): CodeIgniter\CodeIgniter->createController()
 3 SYSTEMPATH\CodeIgniter.php(366): CodeIgniter\CodeIgniter->handleRequest(null, Object(Config\Cache), false)
 4 FCPATH\index.php(67): CodeIgniter\CodeIgniter->run()
WARNING - 2023-10-18 04:33:05 --> [DEPRECATED] Optional parameter $where declared before required parameter $data is implicitly treated as a required parameter in APPPATH\Models\Default_model.php on line 23.
 1 SYSTEMPATH\Autoloader\Autoloader.php(314): include_once('C:\\xampp\\htdocs\\new-task\\system\\Debug\\Exceptions.php')
 2 SYSTEMPATH\Autoloader\Autoloader.php(291): CodeIgniter\Autoloader\Autoloader->includeFile('C:\\xampp\\htdocs\\new-task\\app\\Models\\Default_model.php')
 3 SYSTEMPATH\Autoloader\Autoloader.php(269): CodeIgniter\Autoloader\Autoloader->loadInNamespace('App\\Models\\Default_model')
 4 APPPATH\Controllers\taskcontroller.php(12): CodeIgniter\Autoloader\Autoloader->loadClass('App\\Models\\Default_model')
 5 SYSTEMPATH\CodeIgniter.php(904): App\Controllers\taskcontroller->__construct()
 6 SYSTEMPATH\CodeIgniter.php(488): CodeIgniter\CodeIgniter->createController()
 7 SYSTEMPATH\CodeIgniter.php(366): CodeIgniter\CodeIgniter->handleRequest(null, Object(Config\Cache), false)
 8 FCPATH\index.php(67): CodeIgniter\CodeIgniter->run()
WARNING - 2023-10-18 04:33:05 --> [DEPRECATED] Optional parameter $whereValue declared before required parameter $data is implicitly treated as a required parameter in APPPATH\Models\Default_model.php on line 0.
 1 SYSTEMPATH\Autoloader\Autoloader.php(314): include_once('C:\\xampp\\htdocs\\new-task\\system\\Debug\\Exceptions.php')
 2 SYSTEMPATH\Autoloader\Autoloader.php(291): CodeIgniter\Autoloader\Autoloader->includeFile('C:\\xampp\\htdocs\\new-task\\app\\Models\\Default_model.php')
 3 SYSTEMPATH\Autoloader\Autoloader.php(269): CodeIgniter\Autoloader\Autoloader->loadInNamespace('App\\Models\\Default_model')
 4 APPPATH\Controllers\taskcontroller.php(12): CodeIgniter\Autoloader\Autoloader->loadClass('App\\Models\\Default_model')
 5 SYSTEMPATH\CodeIgniter.php(904): App\Controllers\taskcontroller->__construct()
 6 SYSTEMPATH\CodeIgniter.php(488): CodeIgniter\CodeIgniter->createController()
 7 SYSTEMPATH\CodeIgniter.php(366): CodeIgniter\CodeIgniter->handleRequest(null, Object(Config\Cache), false)
 8 FCPATH\index.php(67): CodeIgniter\CodeIgniter->run()
WARNING - 2023-10-18 04:33:05 --> [DEPRECATED] Optional parameter $select declared before required parameter $limit is implicitly treated as a required parameter in APPPATH\Models\Default_model.php on line 138.
 1 SYSTEMPATH\Autoloader\Autoloader.php(314): include_once('C:\\xampp\\htdocs\\new-task\\system\\Debug\\Exceptions.php')
 2 SYSTEMPATH\Autoloader\Autoloader.php(291): CodeIgniter\Autoloader\Autoloader->includeFile('C:\\xampp\\htdocs\\new-task\\app\\Models\\Default_model.php')
 3 SYSTEMPATH\Autoloader\Autoloader.php(269): CodeIgniter\Autoloader\Autoloader->loadInNamespace('App\\Models\\Default_model')
 4 APPPATH\Controllers\taskcontroller.php(12): CodeIgniter\Autoloader\Autoloader->loadClass('App\\Models\\Default_model')
 5 SYSTEMPATH\CodeIgniter.php(904): App\Controllers\taskcontroller->__construct()
 6 SYSTEMPATH\CodeIgniter.php(488): CodeIgniter\CodeIgniter->createController()
 7 SYSTEMPATH\CodeIgniter.php(366): CodeIgniter\CodeIgniter->handleRequest(null, Object(Config\Cache), false)
 8 FCPATH\index.php(67): CodeIgniter\CodeIgniter->run()
WARNING - 2023-10-18 04:33:05 --> [DEPRECATED] Creation of dynamic property App\Controllers\taskcontroller::$Default_model is deprecated in APPPATH\Controllers\taskcontroller.php on line 12.
 1 SYSTEMPATH\CodeIgniter.php(904): App\Controllers\taskcontroller->__construct()
 2 SYSTEMPATH\CodeIgniter.php(488): CodeIgniter\CodeIgniter->createController()
 3 SYSTEMPATH\CodeIgniter.php(366): CodeIgniter\CodeIgniter->handleRequest(null, Object(Config\Cache), false)
 4 FCPATH\index.php(67): CodeIgniter\CodeIgniter->run()
INFO - 2023-10-18 04:33:05 --> Session: Class initialized using 'CodeIgniter\Session\Handlers\FileHandler' driver.
WARNING - 2023-10-18 04:33:05 --> [DEPRECATED] Creation of dynamic property App\Controllers\taskcontroller::$session is deprecated in APPPATH\Controllers\taskcontroller.php on line 13.
 1 SYSTEMPATH\CodeIgniter.php(904): App\Controllers\taskcontroller->__construct()
 2 SYSTEMPATH\CodeIgniter.php(488): CodeIgniter\CodeIgniter->createController()
 3 SYSTEMPATH\CodeIgniter.php(366): CodeIgniter\CodeIgniter->handleRequest(null, Object(Config\Cache), false)
 4 FCPATH\index.php(67): CodeIgniter\CodeIgniter->run()
WARNING - 2023-10-18 04:33:07 --> [DEPRECATED] Optional parameter $where declared before required parameter $data is implicitly treated as a required parameter in APPPATH\Models\Default_model.php on line 23.
 1 SYSTEMPATH\Autoloader\Autoloader.php(314): include_once('C:\\xampp\\htdocs\\new-task\\system\\Debug\\Exceptions.php')
 2 SYSTEMPATH\Autoloader\Autoloader.php(291): CodeIgniter\Autoloader\Autoloader->includeFile('C:\\xampp\\htdocs\\new-task\\app\\Models\\Default_model.php')
 3 SYSTEMPATH\Autoloader\Autoloader.php(269): CodeIgniter\Autoloader\Autoloader->loadInNamespace('App\\Models\\Default_model')
 4 APPPATH\Controllers\taskcontroller.php(12): CodeIgniter\Autoloader\Autoloader->loadClass('App\\Models\\Default_model')
 5 SYSTEMPATH\CodeIgniter.php(904): App\Controllers\taskcontroller->__construct()
 6 SYSTEMPATH\CodeIgniter.php(488): CodeIgniter\CodeIgniter->createController()
 7 SYSTEMPATH\CodeIgniter.php(366): CodeIgniter\CodeIgniter->handleRequest(null, Object(Config\Cache), false)
 8 FCPATH\index.php(67): CodeIgniter\CodeIgniter->run()
WARNING - 2023-10-18 04:33:07 --> [DEPRECATED] Optional parameter $whereValue declared before required parameter $data is implicitly treated as a required parameter in APPPATH\Models\Default_model.php on line 0.
 1 SYSTEMPATH\Autoloader\Autoloader.php(314): include_once('C:\\xampp\\htdocs\\new-task\\system\\Debug\\Exceptions.php')
 2 SYSTEMPATH\Autoloader\Autoloader.php(291): CodeIgniter\Autoloader\Autoloader->includeFile('C:\\xampp\\htdocs\\new-task\\app\\Models\\Default_model.php')
 3 SYSTEMPATH\Autoloader\Autoloader.php(269): CodeIgniter\Autoloader\Autoloader->loadInNamespace('App\\Models\\Default_model')
 4 APPPATH\Controllers\taskcontroller.php(12): CodeIgniter\Autoloader\Autoloader->loadClass('App\\Models\\Default_model')
 5 SYSTEMPATH\CodeIgniter.php(904): App\Controllers\taskcontroller->__construct()
 6 SYSTEMPATH\CodeIgniter.php(488): CodeIgniter\CodeIgniter->createController()
 7 SYSTEMPATH\CodeIgniter.php(366): CodeIgniter\CodeIgniter->handleRequest(null, Object(Config\Cache), false)
 8 FCPATH\index.php(67): CodeIgniter\CodeIgniter->run()
WARNING - 2023-10-18 04:33:07 --> [DEPRECATED] Optional parameter $select declared before required parameter $limit is implicitly treated as a required parameter in APPPATH\Models\Default_model.php on line 138.
 1 SYSTEMPATH\Autoloader\Autoloader.php(314): include_once('C:\\xampp\\htdocs\\new-task\\system\\Debug\\Exceptions.php')
 2 SYSTEMPATH\Autoloader\Autoloader.php(291): CodeIgniter\Autoloader\Autoloader->includeFile('C:\\xampp\\htdocs\\new-task\\app\\Models\\Default_model.php')
 3 SYSTEMPATH\Autoloader\Autoloader.php(269): CodeIgniter\Autoloader\Autoloader->loadInNamespace('App\\Models\\Default_model')
 4 APPPATH\Controllers\taskcontroller.php(12): CodeIgniter\Autoloader\Autoloader->loadClass('App\\Models\\Default_model')
 5 SYSTEMPATH\CodeIgniter.php(904): App\Controllers\taskcontroller->__construct()
 6 SYSTEMPATH\CodeIgniter.php(488): CodeIgniter\CodeIgniter->createController()
 7 SYSTEMPATH\CodeIgniter.php(366): CodeIgniter\CodeIgniter->handleRequest(null, Object(Config\Cache), false)
 8 FCPATH\index.php(67): CodeIgniter\CodeIgniter->run()
WARNING - 2023-10-18 04:33:07 --> [DEPRECATED] Creation of dynamic property App\Controllers\taskcontroller::$Default_model is deprecated in APPPATH\Controllers\taskcontroller.php on line 12.
 1 SYSTEMPATH\CodeIgniter.php(904): App\Controllers\taskcontroller->__construct()
 2 SYSTEMPATH\CodeIgniter.php(488): CodeIgniter\CodeIgniter->createController()
 3 SYSTEMPATH\CodeIgniter.php(366): CodeIgniter\CodeIgniter->handleRequest(null, Object(Config\Cache), false)
 4 FCPATH\index.php(67): CodeIgniter\CodeIgniter->run()
INFO - 2023-10-18 04:33:07 --> Session: Class initialized using 'CodeIgniter\Session\Handlers\FileHandler' driver.
WARNING - 2023-10-18 04:33:07 --> [DEPRECATED] Creation of dynamic property App\Controllers\taskcontroller::$session is deprecated in APPPATH\Controllers\taskcontroller.php on line 13.
 1 SYSTEMPATH\CodeIgniter.php(904): App\Controllers\taskcontroller->__construct()
 2 SYSTEMPATH\CodeIgniter.php(488): CodeIgniter\CodeIgniter->createController()
 3 SYSTEMPATH\CodeIgniter.php(366): CodeIgniter\CodeIgniter->handleRequest(null, Object(Config\Cache), false)
 4 FCPATH\index.php(67): CodeIgniter\CodeIgniter->run()
WARNING - 2023-10-18 04:33:09 --> [DEPRECATED] Optional parameter $where declared before required parameter $data is implicitly treated as a required parameter in APPPATH\Models\Default_model.php on line 23.
 1 SYSTEMPATH\Autoloader\Autoloader.php(314): include_once('C:\\xampp\\htdocs\\new-task\\system\\Debug\\Exceptions.php')
 2 SYSTEMPATH\Autoloader\Autoloader.php(291): CodeIgniter\Autoloader\Autoloader->includeFile('C:\\xampp\\htdocs\\new-task\\app\\Models\\Default_model.php')
 3 SYSTEMPATH\Autoloader\Autoloader.php(269): CodeIgniter\Autoloader\Autoloader->loadInNamespace('App\\Models\\Default_model')
 4 APPPATH\Controllers\taskcontroller.php(12): CodeIgniter\Autoloader\Autoloader->loadClass('App\\Models\\Default_model')
 5 SYSTEMPATH\CodeIgniter.php(904): App\Controllers\taskcontroller->__construct()
 6 SYSTEMPATH\CodeIgniter.php(488): CodeIgniter\CodeIgniter->createController()
 7 SYSTEMPATH\CodeIgniter.php(366): CodeIgniter\CodeIgniter->handleRequest(null, Object(Config\Cache), false)
 8 FCPATH\index.php(67): CodeIgniter\CodeIgniter->run()
WARNING - 2023-10-18 04:33:09 --> [DEPRECATED] Optional parameter $whereValue declared before required parameter $data is implicitly treated as a required parameter in APPPATH\Models\Default_model.php on line 0.
 1 SYSTEMPATH\Autoloader\Autoloader.php(314): include_once('C:\\xampp\\htdocs\\new-task\\system\\Debug\\Exceptions.php')
 2 SYSTEMPATH\Autoloader\Autoloader.php(291): CodeIgniter\Autoloader\Autoloader->includeFile('C:\\xampp\\htdocs\\new-task\\app\\Models\\Default_model.php')
 3 SYSTEMPATH\Autoloader\Autoloader.php(269): CodeIgniter\Autoloader\Autoloader->loadInNamespace('App\\Models\\Default_model')
 4 APPPATH\Controllers\taskcontroller.php(12): CodeIgniter\Autoloader\Autoloader->loadClass('App\\Models\\Default_model')
 5 SYSTEMPATH\CodeIgniter.php(904): App\Controllers\taskcontroller->__construct()
 6 SYSTEMPATH\CodeIgniter.php(488): CodeIgniter\CodeIgniter->createController()
 7 SYSTEMPATH\CodeIgniter.php(366): CodeIgniter\CodeIgniter->handleRequest(null, Object(Config\Cache), false)
 8 FCPATH\index.php(67): CodeIgniter\CodeIgniter->run()
WARNING - 2023-10-18 04:33:09 --> [DEPRECATED] Optional parameter $select declared before required parameter $limit is implicitly treated as a required parameter in APPPATH\Models\Default_model.php on line 138.
 1 SYSTEMPATH\Autoloader\Autoloader.php(314): include_once('C:\\xampp\\htdocs\\new-task\\system\\Debug\\Exceptions.php')
 2 SYSTEMPATH\Autoloader\Autoloader.php(291): CodeIgniter\Autoloader\Autoloader->includeFile('C:\\xampp\\htdocs\\new-task\\app\\Models\\Default_model.php')
 3 SYSTEMPATH\Autoloader\Autoloader.php(269): CodeIgniter\Autoloader\Autoloader->loadInNamespace('App\\Models\\Default_model')
 4 APPPATH\Controllers\taskcontroller.php(12): CodeIgniter\Autoloader\Autoloader->loadClass('App\\Models\\Default_model')
 5 SYSTEMPATH\CodeIgniter.php(904): App\Controllers\taskcontroller->__construct()
 6 SYSTEMPATH\CodeIgniter.php(488): CodeIgniter\CodeIgniter->createController()
 7 SYSTEMPATH\CodeIgniter.php(366): CodeIgniter\CodeIgniter->handleRequest(null, Object(Config\Cache), false)
 8 FCPATH\index.php(67): CodeIgniter\CodeIgniter->run()
WARNING - 2023-10-18 04:33:09 --> [DEPRECATED] Creation of dynamic property App\Controllers\taskcontroller::$Default_model is deprecated in APPPATH\Controllers\taskcontroller.php on line 12.
 1 SYSTEMPATH\CodeIgniter.php(904): App\Controllers\taskcontroller->__construct()
 2 SYSTEMPATH\CodeIgniter.php(488): CodeIgniter\CodeIgniter->createController()
 3 SYSTEMPATH\CodeIgniter.php(366): CodeIgniter\CodeIgniter->handleRequest(null, Object(Config\Cache), false)
 4 FCPATH\index.php(67): CodeIgniter\CodeIgniter->run()
INFO - 2023-10-18 04:33:09 --> Session: Class initialized using 'CodeIgniter\Session\Handlers\FileHandler' driver.
WARNING - 2023-10-18 04:33:09 --> [DEPRECATED] Creation of dynamic property App\Controllers\taskcontroller::$session is deprecated in APPPATH\Controllers\taskcontroller.php on line 13.
 1 SYSTEMPATH\CodeIgniter.php(904): App\Controllers\taskcontroller->__construct()
 2 SYSTEMPATH\CodeIgniter.php(488): CodeIgniter\CodeIgniter->createController()
 3 SYSTEMPATH\CodeIgniter.php(366): CodeIgniter\CodeIgniter->handleRequest(null, Object(Config\Cache), false)
 4 FCPATH\index.php(67): CodeIgniter\CodeIgniter->run()
WARNING - 2023-10-18 04:33:11 --> [DEPRECATED] Optional parameter $where declared before required parameter $data is implicitly treated as a required parameter in APPPATH\Models\Default_model.php on line 23.
 1 SYSTEMPATH\Autoloader\Autoloader.php(314): include_once('C:\\xampp\\htdocs\\new-task\\system\\Debug\\Exceptions.php')
 2 SYSTEMPATH\Autoloader\Autoloader.php(291): CodeIgniter\Autoloader\Autoloader->includeFile('C:\\xampp\\htdocs\\new-task\\app\\Models\\Default_model.php')
 3 SYSTEMPATH\Autoloader\Autoloader.php(269): CodeIgniter\Autoloader\Autoloader->loadInNamespace('App\\Models\\Default_model')
 4 APPPATH\Controllers\taskcontroller.php(12): CodeIgniter\Autoloader\Autoloader->loadClass('App\\Models\\Default_model')
 5 SYSTEMPATH\CodeIgniter.php(904): App\Controllers\taskcontroller->__construct()
 6 SYSTEMPATH\CodeIgniter.php(488): CodeIgniter\CodeIgniter->createController()
 7 SYSTEMPATH\CodeIgniter.php(366): CodeIgniter\CodeIgniter->handleRequest(null, Object(Config\Cache), false)
 8 FCPATH\index.php(67): CodeIgniter\CodeIgniter->run()
WARNING - 2023-10-18 04:33:11 --> [DEPRECATED] Optional parameter $whereValue declared before required parameter $data is implicitly treated as a required parameter in APPPATH\Models\Default_model.php on line 0.
 1 SYSTEMPATH\Autoloader\Autoloader.php(314): include_once('C:\\xampp\\htdocs\\new-task\\system\\Debug\\Exceptions.php')
 2 SYSTEMPATH\Autoloader\Autoloader.php(291): CodeIgniter\Autoloader\Autoloader->includeFile('C:\\xampp\\htdocs\\new-task\\app\\Models\\Default_model.php')
 3 SYSTEMPATH\Autoloader\Autoloader.php(269): CodeIgniter\Autoloader\Autoloader->loadInNamespace('App\\Models\\Default_model')
 4 APPPATH\Controllers\taskcontroller.php(12): CodeIgniter\Autoloader\Autoloader->loadClass('App\\Models\\Default_model')
 5 SYSTEMPATH\CodeIgniter.php(904): App\Controllers\taskcontroller->__construct()
 6 SYSTEMPATH\CodeIgniter.php(488): CodeIgniter\CodeIgniter->createController()
 7 SYSTEMPATH\CodeIgniter.php(366): CodeIgniter\CodeIgniter->handleRequest(null, Object(Config\Cache), false)
 8 FCPATH\index.php(67): CodeIgniter\CodeIgniter->run()
WARNING - 2023-10-18 04:33:11 --> [DEPRECATED] Optional parameter $select declared before required parameter $limit is implicitly treated as a required parameter in APPPATH\Models\Default_model.php on line 138.
 1 SYSTEMPATH\Autoloader\Autoloader.php(314): include_once('C:\\xampp\\htdocs\\new-task\\system\\Debug\\Exceptions.php')
 2 SYSTEMPATH\Autoloader\Autoloader.php(291): CodeIgniter\Autoloader\Autoloader->includeFile('C:\\xampp\\htdocs\\new-task\\app\\Models\\Default_model.php')
 3 SYSTEMPATH\Autoloader\Autoloader.php(269): CodeIgniter\Autoloader\Autoloader->loadInNamespace('App\\Models\\Default_model')
 4 APPPATH\Controllers\taskcontroller.php(12): CodeIgniter\Autoloader\Autoloader->loadClass('App\\Models\\Default_model')
 5 SYSTEMPATH\CodeIgniter.php(904): App\Controllers\taskcontroller->__construct()
 6 SYSTEMPATH\CodeIgniter.php(488): CodeIgniter\CodeIgniter->createController()
 7 SYSTEMPATH\CodeIgniter.php(366): CodeIgniter\CodeIgniter->handleRequest(null, Object(Config\Cache), false)
 8 FCPATH\index.php(67): CodeIgniter\CodeIgniter->run()
WARNING - 2023-10-18 04:33:11 --> [DEPRECATED] Creation of dynamic property App\Controllers\taskcontroller::$Default_model is deprecated in APPPATH\Controllers\taskcontroller.php on line 12.
 1 SYSTEMPATH\CodeIgniter.php(904): App\Controllers\taskcontroller->__construct()
 2 SYSTEMPATH\CodeIgniter.php(488): CodeIgniter\CodeIgniter->createController()
 3 SYSTEMPATH\CodeIgniter.php(366): CodeIgniter\CodeIgniter->handleRequest(null, Object(Config\Cache), false)
 4 FCPATH\index.php(67): CodeIgniter\CodeIgniter->run()
INFO - 2023-10-18 04:33:11 --> Session: Class initialized using 'CodeIgniter\Session\Handlers\FileHandler' driver.
WARNING - 2023-10-18 04:33:11 --> [DEPRECATED] Creation of dynamic property App\Controllers\taskcontroller::$session is deprecated in APPPATH\Controllers\taskcontroller.php on line 13.
 1 SYSTEMPATH\CodeIgniter.php(904): App\Controllers\taskcontroller->__construct()
 2 SYSTEMPATH\CodeIgniter.php(488): CodeIgniter\CodeIgniter->createController()
 3 SYSTEMPATH\CodeIgniter.php(366): CodeIgniter\CodeIgniter->handleRequest(null, Object(Config\Cache), false)
 4 FCPATH\index.php(67): CodeIgniter\CodeIgniter->run()
WARNING - 2023-10-18 04:46:30 --> [DEPRECATED] Optional parameter $where declared before required parameter $data is implicitly treated as a required parameter in APPPATH\Models\Default_model.php on line 23.
 1 SYSTEMPATH\Autoloader\Autoloader.php(314): include_once('C:\\xampp\\htdocs\\new-task\\system\\Debug\\Exceptions.php')
 2 SYSTEMPATH\Autoloader\Autoloader.php(291): CodeIgniter\Autoloader\Autoloader->includeFile('C:\\xampp\\htdocs\\new-task\\app\\Models\\Default_model.php')
 3 SYSTEMPATH\Autoloader\Autoloader.php(269): CodeIgniter\Autoloader\Autoloader->loadInNamespace('App\\Models\\Default_model')
 4 APPPATH\Controllers\taskcontroller.php(12): CodeIgniter\Autoloader\Autoloader->loadClass('App\\Models\\Default_model')
 5 SYSTEMPATH\CodeIgniter.php(904): App\Controllers\taskcontroller->__construct()
 6 SYSTEMPATH\CodeIgniter.php(488): CodeIgniter\CodeIgniter->createController()
 7 SYSTEMPATH\CodeIgniter.php(366): CodeIgniter\CodeIgniter->handleRequest(null, Object(Config\Cache), false)
 8 FCPATH\index.php(67): CodeIgniter\CodeIgniter->run()
WARNING - 2023-10-18 04:46:30 --> [DEPRECATED] Optional parameter $whereValue declared before required parameter $data is implicitly treated as a required parameter in APPPATH\Models\Default_model.php on line 0.
 1 SYSTEMPATH\Autoloader\Autoloader.php(314): include_once('C:\\xampp\\htdocs\\new-task\\system\\Debug\\Exceptions.php')
 2 SYSTEMPATH\Autoloader\Autoloader.php(291): CodeIgniter\Autoloader\Autoloader->includeFile('C:\\xampp\\htdocs\\new-task\\app\\Models\\Default_model.php')
 3 SYSTEMPATH\Autoloader\Autoloader.php(269): CodeIgniter\Autoloader\Autoloader->loadInNamespace('App\\Models\\Default_model')
 4 APPPATH\Controllers\taskcontroller.php(12): CodeIgniter\Autoloader\Autoloader->loadClass('App\\Models\\Default_model')
 5 SYSTEMPATH\CodeIgniter.php(904): App\Controllers\taskcontroller->__construct()
 6 SYSTEMPATH\CodeIgniter.php(488): CodeIgniter\CodeIgniter->createController()
 7 SYSTEMPATH\CodeIgniter.php(366): CodeIgniter\CodeIgniter->handleRequest(null, Object(Config\Cache), false)
 8 FCPATH\index.php(67): CodeIgniter\CodeIgniter->run()
WARNING - 2023-10-18 04:46:30 --> [DEPRECATED] Optional parameter $select declared before required parameter $limit is implicitly treated as a required parameter in APPPATH\Models\Default_model.php on line 138.
 1 SYSTEMPATH\Autoloader\Autoloader.php(314): include_once('C:\\xampp\\htdocs\\new-task\\system\\Debug\\Exceptions.php')
 2 SYSTEMPATH\Autoloader\Autoloader.php(291): CodeIgniter\Autoloader\Autoloader->includeFile('C:\\xampp\\htdocs\\new-task\\app\\Models\\Default_model.php')
 3 SYSTEMPATH\Autoloader\Autoloader.php(269): CodeIgniter\Autoloader\Autoloader->loadInNamespace('App\\Models\\Default_model')
 4 APPPATH\Controllers\taskcontroller.php(12): CodeIgniter\Autoloader\Autoloader->loadClass('App\\Models\\Default_model')
 5 SYSTEMPATH\CodeIgniter.php(904): App\Controllers\taskcontroller->__construct()
 6 SYSTEMPATH\CodeIgniter.php(488): CodeIgniter\CodeIgniter->createController()
 7 SYSTEMPATH\CodeIgniter.php(366): CodeIgniter\CodeIgniter->handleRequest(null, Object(Config\Cache), false)
 8 FCPATH\index.php(67): CodeIgniter\CodeIgniter->run()
WARNING - 2023-10-18 04:46:30 --> [DEPRECATED] Creation of dynamic property App\Controllers\taskcontroller::$Default_model is deprecated in APPPATH\Controllers\taskcontroller.php on line 12.
 1 SYSTEMPATH\CodeIgniter.php(904): App\Controllers\taskcontroller->__construct()
 2 SYSTEMPATH\CodeIgniter.php(488): CodeIgniter\CodeIgniter->createController()
 3 SYSTEMPATH\CodeIgniter.php(366): CodeIgniter\CodeIgniter->handleRequest(null, Object(Config\Cache), false)
 4 FCPATH\index.php(67): CodeIgniter\CodeIgniter->run()
INFO - 2023-10-18 04:46:30 --> Session: Class initialized using 'CodeIgniter\Session\Handlers\FileHandler' driver.
WARNING - 2023-10-18 04:46:30 --> [DEPRECATED] Creation of dynamic property App\Controllers\taskcontroller::$session is deprecated in APPPATH\Controllers\taskcontroller.php on line 13.
 1 SYSTEMPATH\CodeIgniter.php(904): App\Controllers\taskcontroller->__construct()
 2 SYSTEMPATH\CodeIgniter.php(488): CodeIgniter\CodeIgniter->createController()
 3 SYSTEMPATH\CodeIgniter.php(366): CodeIgniter\CodeIgniter->handleRequest(null, Object(Config\Cache), false)
 4 FCPATH\index.php(67): CodeIgniter\CodeIgniter->run()
WARNING - 2023-10-18 04:46:32 --> [DEPRECATED] Optional parameter $where declared before required parameter $data is implicitly treated as a required parameter in APPPATH\Models\Default_model.php on line 23.
 1 SYSTEMPATH\Autoloader\Autoloader.php(314): include_once('C:\\xampp\\htdocs\\new-task\\system\\Debug\\Exceptions.php')
 2 SYSTEMPATH\Autoloader\Autoloader.php(291): CodeIgniter\Autoloader\Autoloader->includeFile('C:\\xampp\\htdocs\\new-task\\app\\Models\\Default_model.php')
 3 SYSTEMPATH\Autoloader\Autoloader.php(269): CodeIgniter\Autoloader\Autoloader->loadInNamespace('App\\Models\\Default_model')
 4 APPPATH\Controllers\taskcontroller.php(12): CodeIgniter\Autoloader\Autoloader->loadClass('App\\Models\\Default_model')
 5 SYSTEMPATH\CodeIgniter.php(904): App\Controllers\taskcontroller->__construct()
 6 SYSTEMPATH\CodeIgniter.php(488): CodeIgniter\CodeIgniter->createController()
 7 SYSTEMPATH\CodeIgniter.php(366): CodeIgniter\CodeIgniter->handleRequest(null, Object(Config\Cache), false)
 8 FCPATH\index.php(67): CodeIgniter\CodeIgniter->run()
WARNING - 2023-10-18 04:46:32 --> [DEPRECATED] Optional parameter $whereValue declared before required parameter $data is implicitly treated as a required parameter in APPPATH\Models\Default_model.php on line 0.
 1 SYSTEMPATH\Autoloader\Autoloader.php(314): include_once('C:\\xampp\\htdocs\\new-task\\system\\Debug\\Exceptions.php')
 2 SYSTEMPATH\Autoloader\Autoloader.php(291): CodeIgniter\Autoloader\Autoloader->includeFile('C:\\xampp\\htdocs\\new-task\\app\\Models\\Default_model.php')
 3 SYSTEMPATH\Autoloader\Autoloader.php(269): CodeIgniter\Autoloader\Autoloader->loadInNamespace('App\\Models\\Default_model')
 4 APPPATH\Controllers\taskcontroller.php(12): CodeIgniter\Autoloader\Autoloader->loadClass('App\\Models\\Default_model')
 5 SYSTEMPATH\CodeIgniter.php(904): App\Controllers\taskcontroller->__construct()
 6 SYSTEMPATH\CodeIgniter.php(488): CodeIgniter\CodeIgniter->createController()
 7 SYSTEMPATH\CodeIgniter.php(366): CodeIgniter\CodeIgniter->handleRequest(null, Object(Config\Cache), false)
 8 FCPATH\index.php(67): CodeIgniter\CodeIgniter->run()
WARNING - 2023-10-18 04:46:32 --> [DEPRECATED] Optional parameter $select declared before required parameter $limit is implicitly treated as a required parameter in APPPATH\Models\Default_model.php on line 138.
 1 SYSTEMPATH\Autoloader\Autoloader.php(314): include_once('C:\\xampp\\htdocs\\new-task\\system\\Debug\\Exceptions.php')
 2 SYSTEMPATH\Autoloader\Autoloader.php(291): CodeIgniter\Autoloader\Autoloader->includeFile('C:\\xampp\\htdocs\\new-task\\app\\Models\\Default_model.php')
 3 SYSTEMPATH\Autoloader\Autoloader.php(269): CodeIgniter\Autoloader\Autoloader->loadInNamespace('App\\Models\\Default_model')
 4 APPPATH\Controllers\taskcontroller.php(12): CodeIgniter\Autoloader\Autoloader->loadClass('App\\Models\\Default_model')
 5 SYSTEMPATH\CodeIgniter.php(904): App\Controllers\taskcontroller->__construct()
 6 SYSTEMPATH\CodeIgniter.php(488): CodeIgniter\CodeIgniter->createController()
 7 SYSTEMPATH\CodeIgniter.php(366): CodeIgniter\CodeIgniter->handleRequest(null, Object(Config\Cache), false)
 8 FCPATH\index.php(67): CodeIgniter\CodeIgniter->run()
WARNING - 2023-10-18 04:46:32 --> [DEPRECATED] Creation of dynamic property App\Controllers\taskcontroller::$Default_model is deprecated in APPPATH\Controllers\taskcontroller.php on line 12.
 1 SYSTEMPATH\CodeIgniter.php(904): App\Controllers\taskcontroller->__construct()
 2 SYSTEMPATH\CodeIgniter.php(488): CodeIgniter\CodeIgniter->createController()
 3 SYSTEMPATH\CodeIgniter.php(366): CodeIgniter\CodeIgniter->handleRequest(null, Object(Config\Cache), false)
 4 FCPATH\index.php(67): CodeIgniter\CodeIgniter->run()
INFO - 2023-10-18 04:46:32 --> Session: Class initialized using 'CodeIgniter\Session\Handlers\FileHandler' driver.
WARNING - 2023-10-18 04:46:32 --> [DEPRECATED] Creation of dynamic property App\Controllers\taskcontroller::$session is deprecated in APPPATH\Controllers\taskcontroller.php on line 13.
 1 SYSTEMPATH\CodeIgniter.php(904): App\Controllers\taskcontroller->__construct()
 2 SYSTEMPATH\CodeIgniter.php(488): CodeIgniter\CodeIgniter->createController()
 3 SYSTEMPATH\CodeIgniter.php(366): CodeIgniter\CodeIgniter->handleRequest(null, Object(Config\Cache), false)
 4 FCPATH\index.php(67): CodeIgniter\CodeIgniter->run()
